<?xml version="1.0" encoding="UTF-8"?>
<testsuite xmlns:xsi="http://www.w3.org/2001/XMLSchema-instance" xsi:noNamespaceSchemaLocation="https://maven.apache.org/surefire/maven-surefire-plugin/xsd/surefire-test-report-3.0.xsd" version="3.0" name="io.testkit.DslIntegrationTest" time="1.344" tests="1" errors="0" skipped="0" failures="0">
  <properties>
[...]
</properties>
  <testcase name="contextFlowsAcrossSteps" classname="io.testkit.DslIntegrationTest" time="1.324">
    <system-out><![CDATA[
&amp#27;[1m&amp#27;[36m▶ TestKit — User → Team context flow&amp#27;[0m
────────────────────────────────────────────────────────────
  Mock Server                                   &amp#27;[32m✓ PASSED&amp#27;[0m  793ms
  Fetch user                                    &amp#27;[32m✓ PASSED&amp#27;[0m  286ms
  Fetch team                                    &amp#27;[32m✓ PASSED&amp#27;[0m  5ms
────────────────────────────────────────────────────────────
&amp#27;[1mUser → Team context flow Suite &amp#27;[32mPASSED&amp#27;[0m&amp#27;[0m  |  3 passed, 0 failed  |  total 1089ms

]]></system-out>
  </testcase>
</testsuite>