<?xml version="1.0" encoding="UTF-8"?>
<testsuite xmlns:xsi="http://www.w3.org/2001/XMLSchema-instance" xsi:noNamespaceSchemaLocation="https://maven.apache.org/surefire/maven-surefire-plugin/xsd/surefire-test-report-3.0.xsd" version="3.0" name="io.testkit.workshop.Ex06_SeedAndDb" time="0.811" tests="6" errors="0" skipped="0" failures="0">
  <properties>
[...]
</properties>
  <testcase name="seedBuilderInsertsRowsViaJdbc" classname="io.testkit.workshop.Ex06_SeedAndDb" time="0.306">
    <system-out><![CDATA[23:59:35.909 [main] DEBUG com.zaxxer.hikari.HikariConfig -- HikariPool-1 - configuration:
23:59:35.913 [main] DEBUG com.zaxxer.hikari.HikariConfig -- allowPoolSuspension.............false
23:59:35.914 [main] DEBUG com.zaxxer.hikari.HikariConfig -- autoCommit......................true
23:59:35.914 [main] DEBUG com.zaxxer.hikari.HikariConfig -- catalog.........................none
23:59:35.914 [main] DEBUG com.zaxxer.hikari.HikariConfig -- connectionInitSql...............none
23:59:35.914 [main] DEBUG com.zaxxer.hikari.HikariConfig -- connectionTestQuery.............none
23:59:35.914 [main] DEBUG com.zaxxer.hikari.HikariConfig -- connectionTimeout...............30000
23:59:35.914 [main] DEBUG com.zaxxer.hikari.HikariConfig -- dataSource......................none
23:59:35.914 [main] DEBUG com.zaxxer.hikari.HikariConfig -- dataSourceClassName.............none
23:59:35.914 [main] DEBUG com.zaxxer.hikari.HikariConfig -- dataSourceJNDI..................none
23:59:35.914 [main] DEBUG com.zaxxer.hikari.HikariConfig -- dataSourceProperties............{password=<masked>}
23:59:35.914 [main] DEBUG com.zaxxer.hikari.HikariConfig -- driverClassName.................none
23:59:35.914 [main] DEBUG com.zaxxer.hikari.HikariConfig -- exceptionOverrideClassName......none
23:59:35.914 [main] DEBUG com.zaxxer.hikari.HikariConfig -- healthCheckProperties...........{}
23:59:35.914 [main] DEBUG com.zaxxer.hikari.HikariConfig -- healthCheckRegistry.............none
23:59:35.914 [main] DEBUG com.zaxxer.hikari.HikariConfig -- idleTimeout.....................600000
23:59:35.914 [main] DEBUG com.zaxxer.hikari.HikariConfig -- initializationFailTimeout.......1
23:59:35.915 [main] DEBUG com.zaxxer.hikari.HikariConfig -- isolateInternalQueries..........false
23:59:35.915 [main] DEBUG com.zaxxer.hikari.HikariConfig -- jdbcUrl.........................jdbc:h2:mem:workshopdb;DB_CLOSE_DELAY=-1
23:59:35.915 [main] DEBUG com.zaxxer.hikari.HikariConfig -- keepaliveTime...................0
23:59:35.915 [main] DEBUG com.zaxxer.hikari.HikariConfig -- leakDetectionThreshold..........0
23:59:35.915 [main] DEBUG com.zaxxer.hikari.HikariConfig -- maxLifetime.....................1800000
23:59:35.915 [main] DEBUG com.zaxxer.hikari.HikariConfig -- maximumPoolSize.................10
23:59:35.915 [main] DEBUG com.zaxxer.hikari.HikariConfig -- metricRegistry..................none
23:59:35.915 [main] DEBUG com.zaxxer.hikari.HikariConfig -- metricsTrackerFactory...........none
23:59:35.915 [main] DEBUG com.zaxxer.hikari.HikariConfig -- minimumIdle.....................10
23:59:35.915 [main] DEBUG com.zaxxer.hikari.HikariConfig -- password........................<masked>
23:59:35.915 [main] DEBUG com.zaxxer.hikari.HikariConfig -- poolName........................"HikariPool-1"
23:59:35.915 [main] DEBUG com.zaxxer.hikari.HikariConfig -- readOnly........................false
23:59:35.915 [main] DEBUG com.zaxxer.hikari.HikariConfig -- registerMbeans..................false
23:59:35.915 [main] DEBUG com.zaxxer.hikari.HikariConfig -- scheduledExecutor...............none
23:59:35.915 [main] DEBUG com.zaxxer.hikari.HikariConfig -- schema..........................none
23:59:35.915 [main] DEBUG com.zaxxer.hikari.HikariConfig -- threadFactory...................internal
23:59:35.915 [main] DEBUG com.zaxxer.hikari.HikariConfig -- transactionIsolation............default
23:59:35.915 [main] DEBUG com.zaxxer.hikari.HikariConfig -- username........................"sa"
23:59:35.915 [main] DEBUG com.zaxxer.hikari.HikariConfig -- validationTimeout...............5000
23:59:35.922 [main] INFO com.zaxxer.hikari.HikariDataSource -- HikariPool-1 - Starting...
23:59:35.934 [main] DEBUG com.zaxxer.hikari.util.DriverDataSource -- Loaded driver with class name org.h2.Driver for jdbcUrl=jdbc:h2:mem:workshopdb;DB_CLOSE_DELAY=-1
23:59:36.203 [main] INFO com.zaxxer.hikari.pool.HikariPool -- HikariPool-1 - Added connection conn0: url=jdbc:h2:mem:workshopdb user=SA
23:59:36.205 [main] INFO com.zaxxer.hikari.HikariDataSource -- HikariPool-1 - Start completed.

&amp#27;[1m&amp#27;[36m▶ TestKit — Seed users&amp#27;[0m
────────────────────────────────────────────────────────────
  Seed                                          23:59:36.307 [HikariPool-1 housekeeper] DEBUG com.zaxxer.hikari.pool.HikariPool -- HikariPool-1 - Pool stats (total=1, active=0, idle=1, waiting=0)
23:59:36.309 [HikariPool-1 connection adder] DEBUG com.zaxxer.hikari.pool.HikariPool -- HikariPool-1 - Added connection conn1: url=jdbc:h2:mem:workshopdb user=SA
23:59:36.340 [HikariPool-1 connection adder] DEBUG com.zaxxer.hikari.pool.HikariPool -- HikariPool-1 - After adding stats (total=2, active=0, idle=2, waiting=0)
23:59:36.341 [HikariPool-1 connection adder] DEBUG com.zaxxer.hikari.pool.HikariPool -- HikariPool-1 - Added connection conn2: url=jdbc:h2:mem:workshopdb user=SA
23:59:36.372 [HikariPool-1 connection adder] DEBUG com.zaxxer.hikari.pool.HikariPool -- HikariPool-1 - After adding stats (total=3, active=0, idle=3, waiting=0)
23:59:36.373 [HikariPool-1 connection adder] DEBUG com.zaxxer.hikari.pool.HikariPool -- HikariPool-1 - Added connection conn3: url=jdbc:h2:mem:workshopdb user=SA
23:59:36.404 [HikariPool-1 connection adder] DEBUG com.zaxxer.hikari.pool.HikariPool -- HikariPool-1 - After adding stats (total=4, active=0, idle=4, waiting=0)
23:59:36.406 [HikariPool-1 connection adder] DEBUG com.zaxxer.hikari.pool.HikariPool -- HikariPool-1 - Added connection conn4: url=jdbc:h2:mem:workshopdb user=SA
23:59:36.437 [HikariPool-1 connection adder] DEBUG com.zaxxer.hikari.pool.HikariPool -- HikariPool-1 - After adding stats (total=5, active=0, idle=5, waiting=0)
23:59:36.437 [HikariPool-1 connection adder] DEBUG com.zaxxer.hikari.pool.HikariPool -- HikariPool-1 - Added connection conn5: url=jdbc:h2:mem:workshopdb user=SA
23:59:36.468 [HikariPool-1 connection adder] DEBUG com.zaxxer.hikari.pool.HikariPool -- HikariPool-1 - After adding stats (total=6, active=0, idle=6, waiting=0)
23:59:36.468 [HikariPool-1 connection adder] DEBUG com.zaxxer.hikari.pool.HikariPool -- HikariPool-1 - Added connection conn6: url=jdbc:h2:mem:workshopdb user=SA
23:59:36.471 [main] DEBUG io.testkit.seed.JdbcSeeder -- Seeding: INSERT INTO users (id, email, name) VALUES (?, ?, ?)
23:59:36.499 [HikariPool-1 connection adder] DEBUG com.zaxxer.hikari.pool.HikariPool -- HikariPool-1 - After adding stats (total=7, active=1, idle=6, waiting=0)
23:59:36.500 [HikariPool-1 connection adder] DEBUG com.zaxxer.hikari.pool.HikariPool -- HikariPool-1 - Added connection conn7: url=jdbc:h2:mem:workshopdb user=SA
23:59:36.517 [main] DEBUG io.testkit.seed.JdbcSeeder -- Seeding: INSERT INTO users (id, email, name) VALUES (?, ?, ?)
23:59:36.518 [main] DEBUG io.testkit.seed.JdbcSeeder -- Seeding: INSERT INTO users (id, email, name) VALUES (?, ?, ?)
&amp#27;[32m✓ PASSED&amp#27;[0m  277ms
────────────────────────────────────────────────────────────
&amp#27;[1mSeed users Suite &amp#27;[32mPASSED&amp#27;[0m&amp#27;[0m  |  1 passed, 0 failed  |  total 277ms

23:59:36.531 [HikariPool-1 connection adder] DEBUG com.zaxxer.hikari.pool.HikariPool -- HikariPool-1 - After adding stats (total=8, active=1, idle=7, waiting=0)
23:59:36.532 [HikariPool-1 connection adder] DEBUG com.zaxxer.hikari.pool.HikariPool -- HikariPool-1 - Added connection conn8: url=jdbc:h2:mem:workshopdb user=SA
]]></system-out>
  </testcase>
  <testcase name="truncateAndRawSql" classname="io.testkit.workshop.Ex06_SeedAndDb" time="0.025">
    <system-out><![CDATA[
&amp#27;[1m&amp#27;[36m▶ TestKit — Truncate demo&amp#27;[0m
────────────────────────────────────────────────────────────
  Seed                                          &amp#27;[32m✓ PASSED&amp#27;[0m  3ms
  DB Assertions                                 23:59:36.562 [HikariPool-1 connection adder] DEBUG com.zaxxer.hikari.pool.HikariPool -- HikariPool-1 - After adding stats (total=9, active=1, idle=8, waiting=0)
23:59:36.562 [HikariPool-1 connection adder] DEBUG com.zaxxer.hikari.pool.HikariPool -- HikariPool-1 - Added connection conn9: url=jdbc:h2:mem:workshopdb user=SA
&amp#27;[32m✓ PASSED&amp#27;[0m  13ms
────────────────────────────────────────────────────────────
&amp#27;[1mTruncate demo Suite &amp#27;[32mPASSED&amp#27;[0m&amp#27;[0m  |  2 passed, 0 failed  |  total 18ms

]]></system-out>
  </testcase>
  <testcase name="dbBuilderAssertions" classname="io.testkit.workshop.Ex06_SeedAndDb" time="0.016">
    <system-out><![CDATA[
&amp#27;[1m&amp#27;[36m▶ TestKit — DB assertions&amp#27;[0m
────────────────────────────────────────────────────────────
  DB Assertions                                 &amp#27;[32m✓ PASSED&amp#27;[0m  11ms
────────────────────────────────────────────────────────────
&amp#27;[1mDB assertions Suite &amp#27;[32mPASSED&amp#27;[0m&amp#27;[0m  |  1 passed, 0 failed  |  total 11ms

]]></system-out>
  </testcase>
  <testcase name="seedThenDbInSequence" classname="io.testkit.workshop.Ex06_SeedAndDb" time="0.078">
    <system-out><![CDATA[
&amp#27;[1m&amp#27;[36m▶ TestKit — Seed then verify&amp#27;[0m
────────────────────────────────────────────────────────────
  Seed 2 users                                  23:59:36.593 [HikariPool-1 connection adder] DEBUG com.zaxxer.hikari.pool.HikariPool -- HikariPool-1 - After adding stats (total=10, active=0, idle=10, waiting=0)
23:59:36.658 [main] DEBUG io.testkit.seed.JdbcSeeder -- Seeding: INSERT INTO users (id, email, name) VALUES (?, ?, ?)
23:59:36.659 [main] DEBUG io.testkit.seed.JdbcSeeder -- Seeding: INSERT INTO users (id, email, name) VALUES (?, ?, ?)
&amp#27;[32m✓ PASSED&amp#27;[0m  72ms
  Verify users inserted                         &amp#27;[32m✓ PASSED&amp#27;[0m  1ms
────────────────────────────────────────────────────────────
&amp#27;[1mSeed then verify Suite &amp#27;[32mPASSED&amp#27;[0m&amp#27;[0m  |  2 passed, 0 failed  |  total 73ms

]]></system-out>
  </testcase>
  <testcase name="dataFactoryGeneratesUniqueRows" classname="io.testkit.workshop.Ex06_SeedAndDb" time="0.044">
    <system-out><![CDATA[
Row 1: {id=ae85de66-b6ad-4e65-95dc-f4389f139ace, email=louetta.beatty@gmail.com, name=Scotty Schoen}
Row 2: {id=b2c06f64-5bf5-4191-8dab-ced0e2f33024, email=salina.luettgen@hotmail.com, name=Nancey Hessel}
]]></system-out>
  </testcase>
  <testcase name="extractFromDbIntoContext" classname="io.testkit.workshop.Ex06_SeedAndDb" time="0.005">
    <system-out><![CDATA[
&amp#27;[1m&amp#27;[36m▶ TestKit — Extract from DB&amp#27;[0m
────────────────────────────────────────────────────────────
  DB Assertions                                 &amp#27;[32m✓ PASSED&amp#27;[0m  1ms
  Check extracted userId                        
Extracted userId from DB: U-99
&amp#27;[32m✓ PASSED&amp#27;[0m  0ms
────────────────────────────────────────────────────────────
&amp#27;[1mExtract from DB Suite &amp#27;[32mPASSED&amp#27;[0m&amp#27;[0m  |  2 passed, 0 failed  |  total 2ms

]]></system-out>
  </testcase>
</testsuite>