<?xml version="1.0" encoding="UTF-8"?>
<testsuite xmlns:xsi="http://www.w3.org/2001/XMLSchema-instance" xsi:noNamespaceSchemaLocation="https://maven.apache.org/surefire/maven-surefire-plugin/xsd/surefire-test-report-3.0.xsd" version="3.0" name="io.testkit.workshop.Ex05_ContractTesting" time="0.078" tests="4" errors="0" skipped="0" failures="0">
  <properties>
[...]
</properties>
  <testcase name="providerSatisfiesContractShape" classname="io.testkit.workshop.Ex05_ContractTesting" time="0.014">
    <system-out><![CDATA[23:59:35.828 [main] DEBUG org.eclipse.jetty.util.component.ContainerLifeCycle -- QueuedThreadPool[qtp1983472905]@76396509{STOPPED,8<=0<=25,i=0,r=-1,t=-40074067ms,q=0}[NO_TRY] added {org.eclipse.jetty.util.thread.ThreadPoolBudget@637c840d,POJO}
23:59:35.828 [main] DEBUG org.eclipse.jetty.util.component.ContainerLifeCycle -- Server@51ac12ac{STOPPED}[11.0.20,sto=0] added {QueuedThreadPool[qtp1983472905]@76396509{STOPPED,8<=0<=25,i=0,r=-1,t=-40074067ms,q=0}[NO_TRY],AUTO}
23:59:35.828 [main] DEBUG org.eclipse.jetty.util.component.ContainerLifeCycle -- Server@51ac12ac{STOPPED}[11.0.20,sto=0] added {AttributeContainerMap@463afa6e{size=0},AUTO}
23:59:35.828 [main] DEBUG org.eclipse.jetty.util.component.ContainerLifeCycle -- HttpConnectionFactory@7b96de8d[HTTP/1.1] added {HttpConfiguration@7ccd611e{32768/8192,32768/32768,https://:0,[SecureRequestCustomizer@4dc52559]},POJO}
23:59:35.829 [main] DEBUG org.eclipse.jetty.util.component.ContainerLifeCycle -- HTTP2CServerConnectionFactory@5c3d4f05[h2c] added {HTTP2SessionContainer@119290b9[size=0],POJO}
23:59:35.829 [main] DEBUG org.eclipse.jetty.util.component.ContainerLifeCycle -- HTTP2CServerConnectionFactory@5c3d4f05[h2c] added {HttpConfiguration@7ccd611e{32768/8192,32768/32768,https://:0,[SecureRequestCustomizer@4dc52559]},POJO}
23:59:35.829 [main] DEBUG org.eclipse.jetty.util.component.ContainerLifeCycle -- NetworkTrafficServerConnector@640d604{null, ()}{0.0.0.0:0} added {QueuedThreadPool[qtp1983472905]@76396509{STOPPED,8<=0<=25,i=0,r=-1,t=-40074068ms,q=0}[NO_TRY],AUTO}
23:59:35.829 [main] DEBUG org.eclipse.jetty.util.component.ContainerLifeCycle -- NetworkTrafficServerConnector@640d604{null, ()}{0.0.0.0:0} added {ScheduledExecutorScheduler@62cbc478{STOPPED},AUTO}
23:59:35.829 [main] DEBUG org.eclipse.jetty.util.component.ContainerLifeCycle -- Server@51ac12ac{STOPPED}[11.0.20,sto=0] added {LogarithmicArrayByteBufferPool@5438fa43{minBufferCapacity=0, maxBufferCapacity=65536, maxQueueLength=-1, factor=4096},POJO}
23:59:35.829 [main] DEBUG org.eclipse.jetty.util.component.ContainerLifeCycle -- NetworkTrafficServerConnector@640d604{null, ()}{0.0.0.0:0} added {LogarithmicArrayByteBufferPool@5438fa43{minBufferCapacity=0, maxBufferCapacity=65536, maxQueueLength=-1, factor=4096},UNMANAGED}
23:59:35.829 [main] DEBUG org.eclipse.jetty.util.component.ContainerLifeCycle -- NetworkTrafficServerConnector@640d604{null, ()}{0.0.0.0:0} added {org.eclipse.jetty.io.LogarithmicArrayByteBufferPool$LogarithmicRetainablePool@512abf25{min=0,max=65536,buckets=17,heap=0/-1,direct=0/-1},POJO}
23:59:35.829 [main] DEBUG org.eclipse.jetty.util.component.ContainerLifeCycle -- NetworkTrafficServerConnector@640d604{null, ()}{0.0.0.0:0} added {org.eclipse.jetty.server.AbstractConnector$1@515ab3f2,POJO}
23:59:35.829 [main] DEBUG org.eclipse.jetty.util.component.ContainerLifeCycle -- NetworkTrafficServerConnector@640d604{null, (http/1.1)}{0.0.0.0:0} added {HttpConnectionFactory@7b96de8d[HTTP/1.1],AUTO}
23:59:35.829 [main] DEBUG org.eclipse.jetty.server.AbstractConnector -- NetworkTrafficServerConnector@640d604{HTTP/1.1, (http/1.1)}{0.0.0.0:0} added HttpConnectionFactory@7b96de8d[HTTP/1.1]
23:59:35.829 [main] DEBUG org.eclipse.jetty.util.component.ContainerLifeCycle -- NetworkTrafficServerConnector@640d604{HTTP/1.1, (http/1.1, h2c)}{0.0.0.0:0} added {HTTP2CServerConnectionFactory@5c3d4f05[h2c],AUTO}
23:59:35.829 [main] DEBUG org.eclipse.jetty.server.AbstractConnector -- NetworkTrafficServerConnector@640d604{HTTP/1.1, (http/1.1, h2c)}{0.0.0.0:0} added HTTP2CServerConnectionFactory@5c3d4f05[h2c]
23:59:35.829 [main] DEBUG org.eclipse.jetty.util.component.ContainerLifeCycle -- NetworkTrafficServerConnector@640d604{HTTP/1.1, (http/1.1, h2c)}{0.0.0.0:0} added {SelectorManager@NetworkTrafficServerConnector@640d604{HTTP/1.1, (http/1.1, h2c)}{0.0.0.0:0},MANAGED}
23:59:35.829 [main] DEBUG org.eclipse.jetty.util.component.ContainerLifeCycle -- Server@51ac12ac{STOPPED}[11.0.20,sto=0] added {NetworkTrafficServerConnector@640d604{HTTP/1.1, (http/1.1, h2c)}{0.0.0.0:0},AUTO}
23:59:35.829 [main] DEBUG org.eclipse.jetty.util.component.ContainerLifeCycle -- Server@51ac12ac{STOPPED}[11.0.20,sto=0] added {o.e.j.s.ServletContextHandler@6d0e45a5{/__admin,null,STOPPED},MANAGED}
23:59:35.829 [main] DEBUG org.eclipse.jetty.util.component.ContainerLifeCycle -- o.e.j.s.ServletContextHandler@6d0e45a5{/__admin,null,STOPPED} added {ServletHandler@7e7740a5{STOPPED},MANAGED}
23:59:35.830 [main] DEBUG org.eclipse.jetty.util.component.ContainerLifeCycle -- ServletHandler@7e7740a5{STOPPED} added {org.eclipse.jetty.servlet.DefaultServlet-7aa01bd9==org.eclipse.jetty.servlet.DefaultServlet@59aa57e{jsp=null,order=-1,inst=false,async=true,src=EMBEDDED:null,STOPPED},AUTO}
23:59:35.830 [main] DEBUG org.eclipse.jetty.util.component.ContainerLifeCycle -- ServletHandler@7e7740a5{STOPPED} added {[/swagger-ui/*]=>org.eclipse.jetty.servlet.DefaultServlet-7aa01bd9,POJO}
23:59:35.830 [main] DEBUG org.eclipse.jetty.util.component.ContainerLifeCycle -- ServletHandler@7e7740a5{STOPPED} added {org.eclipse.jetty.servlet.DefaultServlet-7e61e25c==org.eclipse.jetty.servlet.DefaultServlet@8ff830e3{jsp=null,order=-1,inst=false,async=true,src=EMBEDDED:null,STOPPED},AUTO}
23:59:35.830 [main] DEBUG org.eclipse.jetty.util.component.ContainerLifeCycle -- ServletHandler@7e7740a5{STOPPED} added {[/recorder/*]=>org.eclipse.jetty.servlet.DefaultServlet-7e61e25c,POJO}
23:59:35.830 [main] DEBUG org.eclipse.jetty.util.component.ContainerLifeCycle -- ServletHandler@7e7740a5{STOPPED} added {com.github.tomakehurst.wiremock.servlet.WireMockHandlerDispatchingServlet-615db358==com.github.tomakehurst.wiremock.servlet.WireMockHandlerDispatchingServlet@c81a1e0c{jsp=null,order=-1,inst=false,async=true,src=EMBEDDED:null,STOPPED},AUTO}
23:59:35.830 [main] DEBUG org.eclipse.jetty.util.component.ContainerLifeCycle -- ServletHandler@7e7740a5{STOPPED} added {[/]=>com.github.tomakehurst.wiremock.servlet.WireMockHandlerDispatchingServlet-615db358,POJO}
23:59:35.830 [main] DEBUG org.eclipse.jetty.util.component.ContainerLifeCycle -- ServletHandler@7e7740a5{STOPPED} added {com.github.tomakehurst.wiremock.servlet.NotMatchedServlet-256bb5be==com.github.tomakehurst.wiremock.servlet.NotMatchedServlet@3c292197{jsp=null,order=-1,inst=false,async=true,src=EMBEDDED:null,STOPPED},AUTO}
23:59:35.830 [main] DEBUG org.eclipse.jetty.util.component.ContainerLifeCycle -- ServletHandler@7e7740a5{STOPPED} added {[/not-matched]=>com.github.tomakehurst.wiremock.servlet.NotMatchedServlet-256bb5be,POJO}
23:59:35.830 [main] DEBUG org.eclipse.jetty.util.component.ContainerLifeCycle -- ServletHandler@7e7740a5{STOPPED} added {org.eclipse.jetty.servlets.CrossOriginFilter-5fef0c19==org.eclipse.jetty.servlets.CrossOriginFilter@5fef0c19{inst=false,async=true,src=EMBEDDED:null},AUTO}
23:59:35.830 [main] DEBUG org.eclipse.jetty.util.component.ContainerLifeCycle -- ServletHandler@7e7740a5{STOPPED} added {[/*]/[]/[]=>org.eclipse.jetty.servlets.CrossOriginFilter-5fef0c19,POJO}
23:59:35.830 [main] DEBUG org.eclipse.jetty.util.component.ContainerLifeCycle -- Server@51ac12ac{STOPPED}[11.0.20,sto=0] added {o.e.j.s.ServletContextHandler@2e6d76ba{/,null,STOPPED},MANAGED}
23:59:35.830 [main] DEBUG org.eclipse.jetty.util.component.ContainerLifeCycle -- o.e.j.s.ServletContextHandler@2e6d76ba{/,null,STOPPED} added {ServletHandler@22a6d75c{STOPPED},MANAGED}
23:59:35.830 [main] DEBUG org.eclipse.jetty.util.component.ContainerLifeCycle -- ServletHandler@22a6d75c{STOPPED} added {org.eclipse.jetty.servlet.DefaultServlet-5a9840f3==org.eclipse.jetty.servlet.DefaultServlet@f207d093{jsp=null,order=-1,inst=false,async=true,src=EMBEDDED:null,STOPPED},AUTO}
23:59:35.830 [main] DEBUG org.eclipse.jetty.util.component.ContainerLifeCycle -- ServletHandler@22a6d75c{STOPPED} added {[/__files/*]=>org.eclipse.jetty.servlet.DefaultServlet-5a9840f3,POJO}
23:59:35.830 [main] DEBUG org.eclipse.jetty.util.component.ContainerLifeCycle -- ServletHandler@22a6d75c{STOPPED} added {com.github.tomakehurst.wiremock.servlet.WireMockHandlerDispatchingServlet-7d30007d==com.github.tomakehurst.wiremock.servlet.WireMockHandlerDispatchingServlet@b37bdc05{jsp=null,order=-1,inst=false,async=true,src=EMBEDDED:null,STOPPED},AUTO}
23:59:35.830 [main] DEBUG org.eclipse.jetty.util.component.ContainerLifeCycle -- ServletHandler@22a6d75c{STOPPED} added {[/]=>com.github.tomakehurst.wiremock.servlet.WireMockHandlerDispatchingServlet-7d30007d,POJO}
23:59:35.830 [main] DEBUG org.eclipse.jetty.util.component.ContainerLifeCycle -- o.e.j.s.ServletContextHandler@2e6d76ba{/,null,STOPPED} added {NotFoundHandler@382d71c7{STOPPED},MANAGED}
23:59:35.830 [main] DEBUG org.eclipse.jetty.util.component.ContainerLifeCycle -- ServletHandler@22a6d75c{STOPPED} added {com.github.tomakehurst.wiremock.servlet.ContentTypeSettingFilter-2ca54da9==com.github.tomakehurst.wiremock.servlet.ContentTypeSettingFilter@2ca54da9{inst=false,async=true,src=EMBEDDED:null},AUTO}
23:59:35.830 [main] DEBUG org.eclipse.jetty.util.component.ContainerLifeCycle -- ServletHandler@22a6d75c{STOPPED} added {[/__files/*]/[]/[]=>com.github.tomakehurst.wiremock.servlet.ContentTypeSettingFilter-2ca54da9,POJO}
23:59:35.830 [main] DEBUG org.eclipse.jetty.util.component.ContainerLifeCycle -- ServletHandler@22a6d75c{STOPPED} added {com.github.tomakehurst.wiremock.servlet.TrailingSlashFilter-34a20f16==com.github.tomakehurst.wiremock.servlet.TrailingSlashFilter@34a20f16{inst=false,async=true,src=EMBEDDED:null},AUTO}
23:59:35.831 [main] DEBUG org.eclipse.jetty.util.component.ContainerLifeCycle -- ServletHandler@22a6d75c{STOPPED} added {[/__files/*]/[]/[]=>com.github.tomakehurst.wiremock.servlet.TrailingSlashFilter-34a20f16,POJO}
23:59:35.831 [main] DEBUG org.eclipse.jetty.util.component.ContainerLifeCycle -- HandlerCollection@496cc217{STOPPED} added {o.e.j.s.ServletContextHandler@6d0e45a5{/__admin,null,STOPPED},AUTO}
23:59:35.831 [main] DEBUG org.eclipse.jetty.util.component.ContainerLifeCycle -- HandlerCollection@496cc217{STOPPED} added {AbstractHandler@1a1c21b4{STOPPED},AUTO}
23:59:35.831 [main] DEBUG org.eclipse.jetty.http.pathmap.ServletPathSpec -- Creating ServletPathSpec[*.svgz] (group: SUFFIX_GLOB, prefix: "null", suffix: "svgz")
23:59:35.831 [main] DEBUG org.eclipse.jetty.http.pathmap.PathMappings -- Added MappedResource[pathSpec=ServletPathSpec@9727ded2{*.svgz},resource=true] to PathMappings[size=1]
23:59:35.831 [main] DEBUG org.eclipse.jetty.server.handler.gzip.GzipHandler -- GzipHandler@1cd2ff5b{STOPPED,min=32,inflate=-1} mime types IncludeExclude@38ac8968{i=[],ip=CONTAINS,e=[image/ief, image/vnd.wap.wbmp, image/jpeg, application/bzip2, image/x-portable-graymap, application/brotli, image/bmp, image/gif, image/x-icon, image/apng, audio/midi, image/webp, video/x-msvideo, image/x-xbitmap, application/x-rar-compressed, text/event-stream, image/avif, image/x-portable-bitmap, image/x-rgb, image/x-cmu-raster, application/gzip, audio/x-wav, audio/x-pn-realaudio, audio/basic, application/compress, audio/x-aiff, video/x.ms.asx, video/x.ms.asf, image/png, video/vnd.rn-realvideo, image/x-xwindowdump, image/jpeg2000, video/x-sgi-movie, audio/mpeg, image/xcf, video/mpeg, image/x-portable-pixmap, image/tiff, image/x-portable-anymap, image/x-xpixmap, application/zip, video/quicktime, application/x-xz, video/mp4],ep=CONTAINS}
23:59:35.831 [main] DEBUG org.eclipse.jetty.util.component.ContainerLifeCycle -- GzipHandler@1cd2ff5b{STOPPED,min=32,inflate=-1} added {o.e.j.s.ServletContextHandler@2e6d76ba{/,null,STOPPED},MANAGED}
23:59:35.831 [main] DEBUG org.eclipse.jetty.util.component.ContainerLifeCycle -- HandlerCollection@496cc217{STOPPED} added {GzipHandler@1cd2ff5b{STOPPED,min=32,inflate=-1},AUTO}
23:59:35.831 [main] DEBUG org.eclipse.jetty.util.component.ContainerLifeCycle -- Server@51ac12ac{STOPPED}[11.0.20,sto=0] added {HandlerCollection@496cc217{STOPPED},MANAGED}
23:59:35.831 [main] DEBUG org.eclipse.jetty.util.component.AbstractLifeCycle -- STARTING Server@51ac12ac{STOPPED}[11.0.20,sto=1000]
23:59:35.831 [main] DEBUG org.eclipse.jetty.util.component.ContainerLifeCycle -- Server@51ac12ac{STARTING}[11.0.20,sto=1000] added {ErrorHandler@17ff8810{STOPPED},AUTO}
23:59:35.831 [main] INFO org.eclipse.jetty.server.Server -- jetty-11.0.20; built: 2024-01-29T21:04:22.394Z; git: 922f8dc188f7011e60d0361de585fd4ac4d63064; jvm 21.0.7+8-LTS-245
23:59:35.831 [main] DEBUG org.eclipse.jetty.server.AbstractConnector -- Could not configure SO_REUSEPORT to false on sun.nio.ch.ServerSocketChannelImpl[unbound]
java.lang.UnsupportedOperationException: 'SO_REUSEPORT' not supported
	at java.base/sun.nio.ch.ServerSocketChannelImpl.setOption(ServerSocketChannelImpl.java:219)
	at org.eclipse.jetty.server.ServerConnector.setSocketOption(ServerConnector.java:355)
	at org.eclipse.jetty.server.ServerConnector.openAcceptChannel(ServerConnector.java:336)
	at org.eclipse.jetty.server.ServerConnector.open(ServerConnector.java:304)
	at org.eclipse.jetty.server.Server.lambda$doStart$0(Server.java:402)
	at java.base/java.util.stream.ForEachOps$ForEachOp$OfRef.accept(ForEachOps.java:184)
	at java.base/java.util.stream.ReferencePipeline$3$1.accept(ReferencePipeline.java:197)
	at java.base/java.util.stream.ReferencePipeline$2$1.accept(ReferencePipeline.java:179)
	at java.base/java.util.Spliterators$ArraySpliterator.forEachRemaining(Spliterators.java:1024)
	at java.base/java.util.stream.AbstractPipeline.copyInto(AbstractPipeline.java:509)
	at java.base/java.util.stream.AbstractPipeline.wrapAndCopyInto(AbstractPipeline.java:499)
	at java.base/java.util.stream.ForEachOps$ForEachOp.evaluateSequential(ForEachOps.java:151)
	at java.base/java.util.stream.ForEachOps$ForEachOp$OfRef.evaluateSequential(ForEachOps.java:174)
	at java.base/java.util.stream.AbstractPipeline.evaluate(AbstractPipeline.java:234)
	at java.base/java.util.stream.ReferencePipeline.forEach(ReferencePipeline.java:596)
	at org.eclipse.jetty.server.Server.doStart(Server.java:398)
	at org.eclipse.jetty.util.component.AbstractLifeCycle.start(AbstractLifeCycle.java:93)
	at com.github.tomakehurst.wiremock.jetty.JettyHttpServer.start(JettyHttpServer.java:139)
	at com.github.tomakehurst.wiremock.WireMockServer.start(WireMockServer.java:189)
	at io.testkit.workshop.Ex05_ContractTesting.startWireMock(Ex05_ContractTesting.java:36)
	at java.base/jdk.internal.reflect.DirectMethodHandleAccessor.invoke(DirectMethodHandleAccessor.java:103)
	at java.base/java.lang.reflect.Method.invoke(Method.java:580)
	at org.junit.platform.commons.util.ReflectionUtils.invokeMethod(ReflectionUtils.java:728)
	at org.junit.jupiter.engine.execution.MethodInvocation.proceed(MethodInvocation.java:60)
	at org.junit.jupiter.engine.execution.InvocationInterceptorChain$ValidatingInvocation.proceed(InvocationInterceptorChain.java:131)
	at org.junit.jupiter.engine.extension.TimeoutExtension.intercept(TimeoutExtension.java:156)
	at org.junit.jupiter.engine.extension.TimeoutExtension.interceptLifecycleMethod(TimeoutExtension.java:128)
	at org.junit.jupiter.engine.extension.TimeoutExtension.interceptBeforeAllMethod(TimeoutExtension.java:70)
	at org.junit.jupiter.engine.execution.InterceptingExecutableInvoker$ReflectiveInterceptorCall.lambda$ofVoidMethod$0(InterceptingExecutableInvoker.java:103)
	at org.junit.jupiter.engine.execution.InterceptingExecutableInvoker.lambda$invoke$0(InterceptingExecutableInvoker.java:93)
	at org.junit.jupiter.engine.execution.InvocationInterceptorChain$InterceptedInvocation.proceed(InvocationInterceptorChain.java:106)
	at org.junit.jupiter.engine.execution.InvocationInterceptorChain.proceed(InvocationInterceptorChain.java:64)
	at org.junit.jupiter.engine.execution.InvocationInterceptorChain.chainAndInvoke(InvocationInterceptorChain.java:45)
	at org.junit.jupiter.engine.execution.InvocationInterceptorChain.invoke(InvocationInterceptorChain.java:37)
	at org.junit.jupiter.engine.execution.InterceptingExecutableInvoker.invoke(InterceptingExecutableInvoker.java:92)
	at org.junit.jupiter.engine.execution.InterceptingExecutableInvoker.invoke(InterceptingExecutableInvoker.java:86)
	at org.junit.jupiter.engine.descriptor.ClassBasedTestDescriptor.lambda$invokeBeforeAllMethods$13(ClassBasedTestDescriptor.java:412)
	at org.junit.platform.engine.support.hierarchical.ThrowableCollector.execute(ThrowableCollector.java:73)
	at org.junit.jupiter.engine.descriptor.ClassBasedTestDescriptor.invokeBeforeAllMethods(ClassBasedTestDescriptor.java:410)
	at org.junit.jupiter.engine.descriptor.ClassBasedTestDescriptor.before(ClassBasedTestDescriptor.java:216)
	at org.junit.jupiter.engine.descriptor.ClassBasedTestDescriptor.before(ClassBasedTestDescriptor.java:85)
	at org.junit.platform.engine.support.hierarchical.NodeTestTask.lambda$executeRecursively$6(NodeTestTask.java:148)
	at org.junit.platform.engine.support.hierarchical.ThrowableCollector.execute(ThrowableCollector.java:73)
	at org.junit.platform.engine.support.hierarchical.NodeTestTask.lambda$executeRecursively$8(NodeTestTask.java:141)
	at org.junit.platform.engine.support.hierarchical.Node.around(Node.java:137)
	at org.junit.platform.engine.support.hierarchical.NodeTestTask.lambda$executeRecursively$9(NodeTestTask.java:139)
	at org.junit.platform.engine.support.hierarchical.ThrowableCollector.execute(ThrowableCollector.java:73)
	at org.junit.platform.engine.support.hierarchical.NodeTestTask.executeRecursively(NodeTestTask.java:138)
	at org.junit.platform.engine.support.hierarchical.NodeTestTask.execute(NodeTestTask.java:95)
	at java.base/java.util.ArrayList.forEach(ArrayList.java:1596)
	at org.junit.platform.engine.support.hierarchical.SameThreadHierarchicalTestExecutorService.invokeAll(SameThreadHierarchicalTestExecutorService.java:41)
	at org.junit.platform.engine.support.hierarchical.NodeTestTask.lambda$executeRecursively$6(NodeTestTask.java:155)
	at org.junit.platform.engine.support.hierarchical.ThrowableCollector.execute(ThrowableCollector.java:73)
	at org.junit.platform.engine.support.hierarchical.NodeTestTask.lambda$executeRecursively$8(NodeTestTask.java:141)
	at org.junit.platform.engine.support.hierarchical.Node.around(Node.java:137)
	at org.junit.platform.engine.support.hierarchical.NodeTestTask.lambda$executeRecursively$9(NodeTestTask.java:139)
	at org.junit.platform.engine.support.hierarchical.ThrowableCollector.execute(ThrowableCollector.java:73)
	at org.junit.platform.engine.support.hierarchical.NodeTestTask.executeRecursively(NodeTestTask.java:138)
	at org.junit.platform.engine.support.hierarchical.NodeTestTask.execute(NodeTestTask.java:95)
	at org.junit.platform.engine.support.hierarchical.SameThreadHierarchicalTestExecutorService.submit(SameThreadHierarchicalTestExecutorService.java:35)
	at org.junit.platform.engine.support.hierarchical.HierarchicalTestExecutor.execute(HierarchicalTestExecutor.java:57)
	at org.junit.platform.engine.support.hierarchical.HierarchicalTestEngine.execute(HierarchicalTestEngine.java:54)
	at org.junit.platform.launcher.core.EngineExecutionOrchestrator.execute(EngineExecutionOrchestrator.java:198)
	at org.junit.platform.launcher.core.EngineExecutionOrchestrator.execute(EngineExecutionOrchestrator.java:169)
	at org.junit.platform.launcher.core.EngineExecutionOrchestrator.execute(EngineExecutionOrchestrator.java:93)
	at org.junit.platform.launcher.core.EngineExecutionOrchestrator.lambda$execute$0(EngineExecutionOrchestrator.java:58)
	at org.junit.platform.launcher.core.EngineExecutionOrchestrator.withInterceptedStreams(EngineExecutionOrchestrator.java:141)
	at org.junit.platform.launcher.core.EngineExecutionOrchestrator.execute(EngineExecutionOrchestrator.java:57)
	at org.junit.platform.launcher.core.DefaultLauncher.execute(DefaultLauncher.java:103)
	at org.junit.platform.launcher.core.DefaultLauncher.execute(DefaultLauncher.java:85)
	at org.junit.platform.launcher.core.DelegatingLauncher.execute(DelegatingLauncher.java:47)
	at org.apache.maven.surefire.junitplatform.LazyLauncher.execute(LazyLauncher.java:56)
	at org.apache.maven.surefire.junitplatform.JUnitPlatformProvider.execute(JUnitPlatformProvider.java:184)
	at org.apache.maven.surefire.junitplatform.JUnitPlatformProvider.invokeAllTests(JUnitPlatformProvider.java:148)
	at org.apache.maven.surefire.junitplatform.JUnitPlatformProvider.invoke(JUnitPlatformProvider.java:122)
	at org.apache.maven.surefire.booter.ForkedBooter.runSuitesInProcess(ForkedBooter.java:385)
	at org.apache.maven.surefire.booter.ForkedBooter.execute(ForkedBooter.java:162)
	at org.apache.maven.surefire.booter.ForkedBooter.run(ForkedBooter.java:507)
	at org.apache.maven.surefire.booter.ForkedBooter.main(ForkedBooter.java:495)
23:59:35.832 [main] DEBUG org.eclipse.jetty.util.component.ContainerLifeCycle -- NetworkTrafficServerConnector@640d604{HTTP/1.1, (http/1.1, h2c)}{0.0.0.0:60980} added {sun.nio.ch.ServerSocketChannelImpl[/[0:0:0:0:0:0:0:0]:60980],POJO}
23:59:35.832 [main] DEBUG org.eclipse.jetty.server.handler.AbstractHandler -- starting Server@51ac12ac{STARTING}[11.0.20,sto=1000]
23:59:35.832 [main] DEBUG org.eclipse.jetty.util.component.AbstractLifeCycle -- STARTING QueuedThreadPool[qtp1983472905]@76396509{STOPPED,8<=0<=25,i=0,r=-1,t=-40074071ms,q=0}[NO_TRY]
23:59:35.832 [main] DEBUG org.eclipse.jetty.util.thread.ReservedThreadExecutor -- ReservedThreadExecutor@67b61834{reserved=0/2,pending=0}
23:59:35.832 [main] DEBUG org.eclipse.jetty.util.component.ContainerLifeCycle -- QueuedThreadPool[qtp1983472905]@76396509{STARTING,8<=0<=25,i=0,r=-1,t=-40074071ms,q=0}[ReservedThreadExecutor@67b61834{reserved=0/2,pending=0}] added {ReservedThreadExecutor@67b61834{reserved=0/2,pending=0},AUTO}
23:59:35.832 [main] DEBUG org.eclipse.jetty.util.component.AbstractLifeCycle -- STARTING ReservedThreadExecutor@67b61834{reserved=0/2,pending=0}
23:59:35.832 [main] DEBUG org.eclipse.jetty.util.component.AbstractLifeCycle -- STARTED @26145ms ReservedThreadExecutor@67b61834{reserved=0/2,pending=0}
23:59:35.832 [main] DEBUG org.eclipse.jetty.util.thread.QueuedThreadPool -- Starting Thread[#263,qtp1983472905-263,5,main]
23:59:35.833 [main] DEBUG org.eclipse.jetty.util.thread.QueuedThreadPool -- Starting Thread[#264,qtp1983472905-264,5,main]
23:59:35.833 [qtp1983472905-263] DEBUG org.eclipse.jetty.util.thread.QueuedThreadPool -- Runner started for QueuedThreadPool[qtp1983472905]@76396509{STARTING,8<=3<=25,i=3,r=-1,t=59999ms,q=0}[ReservedThreadExecutor@67b61834{reserved=0/2,pending=0}]
23:59:35.833 [qtp1983472905-264] DEBUG org.eclipse.jetty.util.thread.QueuedThreadPool -- Runner started for QueuedThreadPool[qtp1983472905]@76396509{STARTING,8<=3<=25,i=3,r=-1,t=59999ms,q=0}[ReservedThreadExecutor@67b61834{reserved=0/2,pending=0}]
23:59:35.833 [main] DEBUG org.eclipse.jetty.util.thread.QueuedThreadPool -- Starting Thread[#265,qtp1983472905-265,5,main]
23:59:35.833 [main] DEBUG org.eclipse.jetty.util.thread.QueuedThreadPool -- Starting Thread[#266,qtp1983472905-266,5,main]
23:59:35.833 [main] DEBUG org.eclipse.jetty.util.thread.QueuedThreadPool -- Starting Thread[#267,qtp1983472905-267,5,main]
23:59:35.833 [main] DEBUG org.eclipse.jetty.util.thread.QueuedThreadPool -- Starting Thread[#268,qtp1983472905-268,5,main]
23:59:35.833 [qtp1983472905-265] DEBUG org.eclipse.jetty.util.thread.QueuedThreadPool -- Runner started for QueuedThreadPool[qtp1983472905]@76396509{STARTING,8<=6<=25,i=6,r=-1,t=59999ms,q=0}[ReservedThreadExecutor@67b61834{reserved=0/2,pending=0}]
23:59:35.834 [main] DEBUG org.eclipse.jetty.util.thread.QueuedThreadPool -- Starting Thread[#269,qtp1983472905-269,5,main]
23:59:35.834 [qtp1983472905-266] DEBUG org.eclipse.jetty.util.thread.QueuedThreadPool -- Runner started for QueuedThreadPool[qtp1983472905]@76396509{STARTING,8<=7<=25,i=7,r=-1,t=59999ms,q=0}[ReservedThreadExecutor@67b61834{reserved=0/2,pending=0}]
23:59:35.834 [qtp1983472905-268] DEBUG org.eclipse.jetty.util.thread.QueuedThreadPool -- Runner started for QueuedThreadPool[qtp1983472905]@76396509{STARTING,8<=7<=25,i=7,r=-1,t=59999ms,q=0}[ReservedThreadExecutor@67b61834{reserved=0/2,pending=0}]
23:59:35.834 [qtp1983472905-267] DEBUG org.eclipse.jetty.util.thread.QueuedThreadPool -- Runner started for QueuedThreadPool[qtp1983472905]@76396509{STARTING,8<=8<=25,i=8,r=-1,t=59999ms,q=0}[ReservedThreadExecutor@67b61834{reserved=0/2,pending=0}]
23:59:35.834 [main] DEBUG org.eclipse.jetty.util.thread.QueuedThreadPool -- Starting Thread[#270,qtp1983472905-270,5,main]
23:59:35.834 [qtp1983472905-269] DEBUG org.eclipse.jetty.util.thread.QueuedThreadPool -- Runner started for QueuedThreadPool[qtp1983472905]@76396509{STARTED,8<=8<=25,i=8,r=-1,t=59999ms,q=0}[ReservedThreadExecutor@67b61834{reserved=0/2,pending=0}]
23:59:35.834 [main] DEBUG org.eclipse.jetty.util.component.AbstractLifeCycle -- STARTED @26146ms QueuedThreadPool[qtp1983472905]@76396509{STARTED,8<=8<=25,i=8,r=-1,t=59999ms,q=0}[ReservedThreadExecutor@67b61834{reserved=0/2,pending=0}]
23:59:35.834 [main] DEBUG org.eclipse.jetty.util.component.AbstractLifeCycle -- STARTING AttributeContainerMap@463afa6e{size=0}
23:59:35.834 [main] DEBUG org.eclipse.jetty.util.component.AbstractLifeCycle -- STARTED @26146ms AttributeContainerMap@463afa6e{size=0}
23:59:35.834 [main] DEBUG org.eclipse.jetty.util.component.AbstractLifeCycle -- STARTING HandlerCollection@496cc217{STOPPED}
23:59:35.834 [main] DEBUG org.eclipse.jetty.server.handler.AbstractHandler -- starting HandlerCollection@496cc217{STARTING}
23:59:35.834 [qtp1983472905-270] DEBUG org.eclipse.jetty.util.thread.QueuedThreadPool -- Runner started for QueuedThreadPool[qtp1983472905]@76396509{STARTED,8<=8<=25,i=8,r=-1,t=59999ms,q=0}[ReservedThreadExecutor@67b61834{reserved=0/2,pending=0}]
23:59:35.834 [main] DEBUG org.eclipse.jetty.util.component.AbstractLifeCycle -- STARTING o.e.j.s.ServletContextHandler@6d0e45a5{/__admin,null,STOPPED}
23:59:35.834 [main] DEBUG org.eclipse.jetty.util.DecoratedObjectFactory -- Adding Decorator: org.eclipse.jetty.util.DeprecationWarning@5c8d58ed
23:59:35.834 [main] DEBUG org.eclipse.jetty.server.handler.AbstractHandler -- starting o.e.j.s.ServletContextHandler@6d0e45a5{/__admin,null,STARTING}
23:59:35.834 [main] DEBUG org.eclipse.jetty.util.component.AbstractLifeCycle -- STARTING ServletHandler@7e7740a5{STOPPED}
23:59:35.834 [main] DEBUG org.eclipse.jetty.servlet.ServletHandler -- Path=/not-matched[EMBEDDED:null] mapped to servlet=com.github.tomakehurst.wiremock.servlet.NotMatchedServlet-256bb5be[EMBEDDED:null]
23:59:35.834 [main] DEBUG org.eclipse.jetty.http.pathmap.ServletPathSpec -- Creating ServletPathSpec[/not-matched] (group: EXACT, prefix: "/not-matched", suffix: "null")
23:59:35.834 [main] DEBUG org.eclipse.jetty.http.pathmap.PathMappings -- Added MappedResource[pathSpec=ServletPathSpec@ee4519a{/not-matched},resource=MappedServlet6a567f7b{/not-matched->com.github.tomakehurst.wiremock.servlet.NotMatchedServlet-256bb5be==com.github.tomakehurst.wiremock.servlet.NotMatchedServlet@3c292197{jsp=null,order=-1,inst=false,async=true,src=EMBEDDED:null,STOPPED}}] to PathMappings[size=1]
23:59:35.834 [main] DEBUG org.eclipse.jetty.servlet.ServletHandler -- Path=/recorder/*[EMBEDDED:null] mapped to servlet=org.eclipse.jetty.servlet.DefaultServlet-7e61e25c[EMBEDDED:null]
23:59:35.834 [main] DEBUG org.eclipse.jetty.http.pathmap.ServletPathSpec -- Creating ServletPathSpec[/recorder/*] (group: PREFIX_GLOB, prefix: "/recorder", suffix: "null")
23:59:35.834 [main] DEBUG org.eclipse.jetty.http.pathmap.PathMappings -- Added MappedResource[pathSpec=ServletPathSpec@4ccddc4a{/recorder/*},resource=MappedServlet28be7fec{/recorder/*->org.eclipse.jetty.servlet.DefaultServlet-7e61e25c==org.eclipse.jetty.servlet.DefaultServlet@8ff830e3{jsp=null,order=-1,inst=false,async=true,src=EMBEDDED:null,STOPPED}}] to PathMappings[size=2]
23:59:35.834 [main] DEBUG org.eclipse.jetty.servlet.ServletHandler -- Path=/[EMBEDDED:null] mapped to servlet=com.github.tomakehurst.wiremock.servlet.WireMockHandlerDispatchingServlet-615db358[EMBEDDED:null]
23:59:35.834 [main] DEBUG org.eclipse.jetty.http.pathmap.PathMappings -- Added MappedResource[pathSpec=ServletPathSpec@9457dcb7{/},resource=MappedServlet26f0141{/->com.github.tomakehurst.wiremock.servlet.WireMockHandlerDispatchingServlet-615db358==com.github.tomakehurst.wiremock.servlet.WireMockHandlerDispatchingServlet@c81a1e0c{jsp=null,order=-1,inst=false,async=true,src=EMBEDDED:null,STOPPED}}] to PathMappings[size=3]
23:59:35.834 [main] DEBUG org.eclipse.jetty.servlet.ServletHandler -- Path=/swagger-ui/*[EMBEDDED:null] mapped to servlet=org.eclipse.jetty.servlet.DefaultServlet-7aa01bd9[EMBEDDED:null]
23:59:35.834 [main] DEBUG org.eclipse.jetty.http.pathmap.ServletPathSpec -- Creating ServletPathSpec[/swagger-ui/*] (group: PREFIX_GLOB, prefix: "/swagger-ui", suffix: "null")
23:59:35.834 [main] DEBUG org.eclipse.jetty.http.pathmap.PathMappings -- Added MappedResource[pathSpec=ServletPathSpec@fe042bf3{/swagger-ui/*},resource=MappedServlet34136bd1{/swagger-ui/*->org.eclipse.jetty.servlet.DefaultServlet-7aa01bd9==org.eclipse.jetty.servlet.DefaultServlet@59aa57e{jsp=null,order=-1,inst=false,async=false,src=EMBEDDED:null,STOPPED}}] to PathMappings[size=4]
23:59:35.834 [main] DEBUG org.eclipse.jetty.servlet.ServletHandler -- filterNameMap={org.eclipse.jetty.servlets.CrossOriginFilter-5fef0c19=org.eclipse.jetty.servlets.CrossOriginFilter-5fef0c19==org.eclipse.jetty.servlets.CrossOriginFilter@5fef0c19{inst=false,async=true,src=EMBEDDED:null}} pathFilters=[[/*]/[]/[REQUEST]=>org.eclipse.jetty.servlets.CrossOriginFilter-5fef0c19] servletFilterMap={} servletPathMap=PathMappings[size=4] servletNameMap={org.eclipse.jetty.servlet.DefaultServlet-7aa01bd9=MappedServlet6de7778f{null->org.eclipse.jetty.servlet.DefaultServlet-7aa01bd9==org.eclipse.jetty.servlet.DefaultServlet@59aa57e{jsp=null,order=-1,inst=false,async=false,src=EMBEDDED:null,STOPPED}}, com.github.tomakehurst.wiremock.servlet.WireMockHandlerDispatchingServlet-615db358=MappedServlet367d34c0{null->com.github.tomakehurst.wiremock.servlet.WireMockHandlerDispatchingServlet-615db358==com.github.tomakehurst.wiremock.servlet.WireMockHandlerDispatchingServlet@c81a1e0c{jsp=null,order=-1,inst=false,async=true,src=EMBEDDED:null,STOPPED}}, org.eclipse.jetty.servlet.DefaultServlet-7e61e25c=MappedServlet4ce25e47{null->org.eclipse.jetty.servlet.DefaultServlet-7e61e25c==org.eclipse.jetty.servlet.DefaultServlet@8ff830e3{jsp=null,order=-1,inst=false,async=true,src=EMBEDDED:null,STOPPED}}, com.github.tomakehurst.wiremock.servlet.NotMatchedServlet-256bb5be=MappedServlet6380e9e9{null->com.github.tomakehurst.wiremock.servlet.NotMatchedServlet-256bb5be==com.github.tomakehurst.wiremock.servlet.NotMatchedServlet@3c292197{jsp=null,order=-1,inst=false,async=true,src=EMBEDDED:null,STOPPED}}}
23:59:35.834 [main] DEBUG org.eclipse.jetty.server.handler.AbstractHandler -- starting ServletHandler@7e7740a5{STARTING}
23:59:35.834 [main] DEBUG org.eclipse.jetty.util.component.AbstractLifeCycle -- STARTED @26147ms ServletHandler@7e7740a5{STARTED}
23:59:35.834 [main] DEBUG org.eclipse.jetty.util.component.AbstractLifeCycle -- STARTING org.eclipse.jetty.servlets.CrossOriginFilter-5fef0c19==org.eclipse.jetty.servlets.CrossOriginFilter@5fef0c19{inst=false,async=true,src=EMBEDDED:null}
23:59:35.834 [main] DEBUG org.eclipse.jetty.util.component.AbstractLifeCycle -- STARTED @26147ms org.eclipse.jetty.servlets.CrossOriginFilter-5fef0c19==org.eclipse.jetty.servlets.CrossOriginFilter@5fef0c19{inst=false,async=true,src=EMBEDDED:null}
23:59:35.834 [main] DEBUG org.eclipse.jetty.servlet.FilterHolder -- Filter.init org.eclipse.jetty.servlets.CrossOriginFilter@350da119
23:59:35.834 [main] DEBUG org.eclipse.jetty.servlets.CrossOriginFilter -- Cross-origin filter configuration: allowedOrigins = *, allowedTimingOrigins = null, allowedMethods = OPTIONS,GET,POST,PUT,PATCH,DELETE, allowedHeaders = *, preflightMaxAge = 1800, allowCredentials = true,exposedHeaders = ,chainPreflight = false
23:59:35.834 [main] DEBUG org.eclipse.jetty.util.component.AbstractLifeCycle -- STARTING com.github.tomakehurst.wiremock.servlet.NotMatchedServlet-256bb5be==com.github.tomakehurst.wiremock.servlet.NotMatchedServlet@3c292197{jsp=null,order=-1,inst=false,async=true,src=EMBEDDED:null,STOPPED}
23:59:35.834 [main] DEBUG org.eclipse.jetty.util.component.AbstractLifeCycle -- STARTED @26147ms com.github.tomakehurst.wiremock.servlet.NotMatchedServlet-256bb5be==com.github.tomakehurst.wiremock.servlet.NotMatchedServlet@3c292197{jsp=null,order=-1,inst=false,async=true,src=EMBEDDED:null,STARTED}
23:59:35.834 [main] DEBUG org.eclipse.jetty.util.component.AbstractLifeCycle -- STARTING com.github.tomakehurst.wiremock.servlet.WireMockHandlerDispatchingServlet-615db358==com.github.tomakehurst.wiremock.servlet.WireMockHandlerDispatchingServlet@c81a1e0c{jsp=null,order=-1,inst=false,async=true,src=EMBEDDED:null,STOPPED}
23:59:35.834 [main] DEBUG org.eclipse.jetty.util.component.AbstractLifeCycle -- STARTED @26147ms com.github.tomakehurst.wiremock.servlet.WireMockHandlerDispatchingServlet-615db358==com.github.tomakehurst.wiremock.servlet.WireMockHandlerDispatchingServlet@c81a1e0c{jsp=null,order=-1,inst=false,async=true,src=EMBEDDED:null,STARTED}
23:59:35.834 [main] DEBUG org.eclipse.jetty.util.component.AbstractLifeCycle -- STARTING org.eclipse.jetty.servlet.DefaultServlet-7aa01bd9==org.eclipse.jetty.servlet.DefaultServlet@59aa57e{jsp=null,order=-1,inst=false,async=false,src=EMBEDDED:null,STOPPED}
23:59:35.834 [main] DEBUG org.eclipse.jetty.util.component.AbstractLifeCycle -- STARTED @26147ms org.eclipse.jetty.servlet.DefaultServlet-7aa01bd9==org.eclipse.jetty.servlet.DefaultServlet@59aa57e{jsp=null,order=-1,inst=false,async=false,src=EMBEDDED:null,STARTED}
23:59:35.834 [main] DEBUG org.eclipse.jetty.util.component.AbstractLifeCycle -- STARTING org.eclipse.jetty.servlet.DefaultServlet-7e61e25c==org.eclipse.jetty.servlet.DefaultServlet@8ff830e3{jsp=null,order=-1,inst=false,async=true,src=EMBEDDED:null,STOPPED}
23:59:35.834 [main] DEBUG org.eclipse.jetty.util.component.AbstractLifeCycle -- STARTED @26147ms org.eclipse.jetty.servlet.DefaultServlet-7e61e25c==org.eclipse.jetty.servlet.DefaultServlet@8ff830e3{jsp=null,order=-1,inst=false,async=true,src=EMBEDDED:null,STARTED}
23:59:35.834 [main] INFO org.eclipse.jetty.server.handler.ContextHandler -- Started o.e.j.s.ServletContextHandler@6d0e45a5{/__admin,null,AVAILABLE}
23:59:35.834 [main] DEBUG org.eclipse.jetty.util.component.AbstractLifeCycle -- STARTED @26147ms o.e.j.s.ServletContextHandler@6d0e45a5{/__admin,null,AVAILABLE}
23:59:35.834 [main] DEBUG org.eclipse.jetty.util.component.AbstractLifeCycle -- STARTING AbstractHandler@1a1c21b4{STOPPED}
23:59:35.834 [main] DEBUG org.eclipse.jetty.server.handler.AbstractHandler -- starting AbstractHandler@1a1c21b4{STARTING}
23:59:35.834 [main] DEBUG org.eclipse.jetty.util.component.AbstractLifeCycle -- STARTED @26147ms AbstractHandler@1a1c21b4{STARTED}
23:59:35.834 [main] DEBUG org.eclipse.jetty.util.component.AbstractLifeCycle -- STARTING GzipHandler@1cd2ff5b{STOPPED,min=32,inflate=-1}
23:59:35.834 [main] DEBUG org.eclipse.jetty.util.component.AbstractLifeCycle -- STARTING InflaterPool@6a09484c{STOPPED,size=-1,capacity=25}
23:59:35.834 [main] DEBUG org.eclipse.jetty.util.component.ContainerLifeCycle -- InflaterPool@6a09484c{STARTING,size=0,capacity=25} added {Pool@34c7232c[inUse=0,size=0,max=25,closed=false],POJO}
23:59:35.834 [main] DEBUG org.eclipse.jetty.util.component.AbstractLifeCycle -- STARTED @26147ms InflaterPool@6a09484c{STARTED,size=0,capacity=25}
23:59:35.834 [main] DEBUG org.eclipse.jetty.util.component.ContainerLifeCycle -- Server@51ac12ac{STARTING}[11.0.20,sto=1000] added {InflaterPool@6a09484c{STARTED,size=0,capacity=25},MANAGED}
23:59:35.835 [main] DEBUG org.eclipse.jetty.util.component.ContainerLifeCycle -- GzipHandler@1cd2ff5b{STARTING,min=32,inflate=-1} added {InflaterPool@6a09484c{STARTED,size=0,capacity=25},UNMANAGED}
23:59:35.835 [main] DEBUG org.eclipse.jetty.util.component.AbstractLifeCycle -- STARTING DeflaterPool@50ec4bfc{STOPPED,size=-1,capacity=25}
23:59:35.835 [main] DEBUG org.eclipse.jetty.util.component.ContainerLifeCycle -- DeflaterPool@50ec4bfc{STARTING,size=0,capacity=25} added {Pool@8b13d91[inUse=0,size=0,max=25,closed=false],POJO}
23:59:35.835 [main] DEBUG org.eclipse.jetty.util.component.AbstractLifeCycle -- STARTED @26147ms DeflaterPool@50ec4bfc{STARTED,size=0,capacity=25}
23:59:35.835 [main] DEBUG org.eclipse.jetty.util.component.ContainerLifeCycle -- Server@51ac12ac{STARTING}[11.0.20,sto=1000] added {DeflaterPool@50ec4bfc{STARTED,size=0,capacity=25},MANAGED}
23:59:35.835 [main] DEBUG org.eclipse.jetty.util.component.ContainerLifeCycle -- GzipHandler@1cd2ff5b{STARTING,min=32,inflate=-1} added {DeflaterPool@50ec4bfc{STARTED,size=0,capacity=25},UNMANAGED}
23:59:35.835 [main] DEBUG org.eclipse.jetty.server.handler.AbstractHandler -- starting GzipHandler@1cd2ff5b{STARTING,min=32,inflate=-1}
23:59:35.835 [main] DEBUG org.eclipse.jetty.util.component.AbstractLifeCycle -- STARTING o.e.j.s.ServletContextHandler@2e6d76ba{/,null,STOPPED}
23:59:35.835 [main] DEBUG org.eclipse.jetty.util.DecoratedObjectFactory -- Adding Decorator: org.eclipse.jetty.util.DeprecationWarning@285a4fe3
23:59:35.835 [main] DEBUG org.eclipse.jetty.server.handler.AbstractHandler -- starting o.e.j.s.ServletContextHandler@2e6d76ba{/,null,STARTING}
23:59:35.835 [main] DEBUG org.eclipse.jetty.util.component.AbstractLifeCycle -- STARTING ServletHandler@22a6d75c{STOPPED}
23:59:35.835 [main] DEBUG org.eclipse.jetty.servlet.ServletHandler -- Path=/__files/*[EMBEDDED:null] mapped to servlet=org.eclipse.jetty.servlet.DefaultServlet-5a9840f3[EMBEDDED:null]
23:59:35.835 [main] DEBUG org.eclipse.jetty.http.pathmap.ServletPathSpec -- Creating ServletPathSpec[/__files/*] (group: PREFIX_GLOB, prefix: "/__files", suffix: "null")
23:59:35.835 [main] DEBUG org.eclipse.jetty.http.pathmap.PathMappings -- Added MappedResource[pathSpec=ServletPathSpec@6b2fe10e{/__files/*},resource=MappedServlet2589d787{/__files/*->org.eclipse.jetty.servlet.DefaultServlet-5a9840f3==org.eclipse.jetty.servlet.DefaultServlet@f207d093{jsp=null,order=-1,inst=false,async=true,src=EMBEDDED:null,STOPPED}}] to PathMappings[size=1]
23:59:35.835 [main] DEBUG org.eclipse.jetty.servlet.ServletHandler -- Path=/[EMBEDDED:null] mapped to servlet=com.github.tomakehurst.wiremock.servlet.WireMockHandlerDispatchingServlet-7d30007d[EMBEDDED:null]
23:59:35.835 [main] DEBUG org.eclipse.jetty.http.pathmap.PathMappings -- Added MappedResource[pathSpec=ServletPathSpec@9457dcb7{/},resource=MappedServlet1788cb61{/->com.github.tomakehurst.wiremock.servlet.WireMockHandlerDispatchingServlet-7d30007d==com.github.tomakehurst.wiremock.servlet.WireMockHandlerDispatchingServlet@b37bdc05{jsp=null,order=1,inst=false,async=true,src=EMBEDDED:null,STOPPED}}] to PathMappings[size=2]
23:59:35.835 [main] DEBUG org.eclipse.jetty.servlet.ServletHandler -- filterNameMap={com.github.tomakehurst.wiremock.servlet.ContentTypeSettingFilter-2ca54da9=com.github.tomakehurst.wiremock.servlet.ContentTypeSettingFilter-2ca54da9==com.github.tomakehurst.wiremock.servlet.ContentTypeSettingFilter@2ca54da9{inst=false,async=true,src=EMBEDDED:null}, com.github.tomakehurst.wiremock.servlet.TrailingSlashFilter-34a20f16=com.github.tomakehurst.wiremock.servlet.TrailingSlashFilter-34a20f16==com.github.tomakehurst.wiremock.servlet.TrailingSlashFilter@34a20f16{inst=false,async=true,src=EMBEDDED:null}} pathFilters=[[/__files/*]/[]/[INCLUDE, REQUEST, ASYNC, ERROR, FORWARD]=>com.github.tomakehurst.wiremock.servlet.TrailingSlashFilter-34a20f16, [/__files/*]/[]/[FORWARD]=>com.github.tomakehurst.wiremock.servlet.ContentTypeSettingFilter-2ca54da9] servletFilterMap={} servletPathMap=PathMappings[size=2] servletNameMap={org.eclipse.jetty.servlet.DefaultServlet-5a9840f3=MappedServlet16d431b4{null->org.eclipse.jetty.servlet.DefaultServlet-5a9840f3==org.eclipse.jetty.servlet.DefaultServlet@f207d093{jsp=null,order=-1,inst=false,async=true,src=EMBEDDED:null,STOPPED}}, com.github.tomakehurst.wiremock.servlet.WireMockHandlerDispatchingServlet-7d30007d=MappedServlet6c0b51da{null->com.github.tomakehurst.wiremock.servlet.WireMockHandlerDispatchingServlet-7d30007d==com.github.tomakehurst.wiremock.servlet.WireMockHandlerDispatchingServlet@b37bdc05{jsp=null,order=1,inst=false,async=true,src=EMBEDDED:null,STOPPED}}}
23:59:35.835 [main] DEBUG org.eclipse.jetty.server.handler.AbstractHandler -- starting ServletHandler@22a6d75c{STARTING}
23:59:35.835 [main] DEBUG org.eclipse.jetty.util.component.AbstractLifeCycle -- STARTED @26148ms ServletHandler@22a6d75c{STARTED}
23:59:35.835 [main] DEBUG org.eclipse.jetty.util.component.AbstractLifeCycle -- STARTING NotFoundHandler@382d71c7{STOPPED}
23:59:35.835 [main] DEBUG org.eclipse.jetty.server.handler.AbstractHandler -- starting NotFoundHandler@382d71c7{STARTING}
23:59:35.835 [main] DEBUG org.eclipse.jetty.util.component.AbstractLifeCycle -- STARTED @26148ms NotFoundHandler@382d71c7{STARTED}
23:59:35.835 [main] DEBUG org.eclipse.jetty.util.component.AbstractLifeCycle -- STARTING com.github.tomakehurst.wiremock.servlet.ContentTypeSettingFilter-2ca54da9==com.github.tomakehurst.wiremock.servlet.ContentTypeSettingFilter@2ca54da9{inst=false,async=true,src=EMBEDDED:null}
23:59:35.836 [main] DEBUG org.eclipse.jetty.util.component.AbstractLifeCycle -- STARTED @26148ms com.github.tomakehurst.wiremock.servlet.ContentTypeSettingFilter-2ca54da9==com.github.tomakehurst.wiremock.servlet.ContentTypeSettingFilter@2ca54da9{inst=false,async=true,src=EMBEDDED:null}
23:59:35.836 [main] DEBUG org.eclipse.jetty.servlet.FilterHolder -- Filter.init com.github.tomakehurst.wiremock.servlet.ContentTypeSettingFilter@7558633
23:59:35.836 [main] DEBUG org.eclipse.jetty.util.component.AbstractLifeCycle -- STARTING com.github.tomakehurst.wiremock.servlet.TrailingSlashFilter-34a20f16==com.github.tomakehurst.wiremock.servlet.TrailingSlashFilter@34a20f16{inst=false,async=true,src=EMBEDDED:null}
23:59:35.836 [main] DEBUG org.eclipse.jetty.util.component.AbstractLifeCycle -- STARTED @26148ms com.github.tomakehurst.wiremock.servlet.TrailingSlashFilter-34a20f16==com.github.tomakehurst.wiremock.servlet.TrailingSlashFilter@34a20f16{inst=false,async=true,src=EMBEDDED:null}
23:59:35.836 [main] DEBUG org.eclipse.jetty.servlet.FilterHolder -- Filter.init com.github.tomakehurst.wiremock.servlet.TrailingSlashFilter@5657967b
23:59:35.836 [main] DEBUG org.eclipse.jetty.util.component.AbstractLifeCycle -- STARTING org.eclipse.jetty.servlet.DefaultServlet-5a9840f3==org.eclipse.jetty.servlet.DefaultServlet@f207d093{jsp=null,order=-1,inst=false,async=true,src=EMBEDDED:null,STOPPED}
23:59:35.836 [main] DEBUG org.eclipse.jetty.util.component.AbstractLifeCycle -- STARTED @26148ms org.eclipse.jetty.servlet.DefaultServlet-5a9840f3==org.eclipse.jetty.servlet.DefaultServlet@f207d093{jsp=null,order=-1,inst=false,async=true,src=EMBEDDED:null,STARTED}
23:59:35.836 [main] DEBUG org.eclipse.jetty.util.component.AbstractLifeCycle -- STARTING com.github.tomakehurst.wiremock.servlet.WireMockHandlerDispatchingServlet-7d30007d==com.github.tomakehurst.wiremock.servlet.WireMockHandlerDispatchingServlet@b37bdc05{jsp=null,order=1,inst=false,async=true,src=EMBEDDED:null,STOPPED}
23:59:35.836 [main] DEBUG org.eclipse.jetty.util.component.AbstractLifeCycle -- STARTED @26148ms com.github.tomakehurst.wiremock.servlet.WireMockHandlerDispatchingServlet-7d30007d==com.github.tomakehurst.wiremock.servlet.WireMockHandlerDispatchingServlet@b37bdc05{jsp=null,order=1,inst=false,async=true,src=EMBEDDED:null,STARTED}
23:59:35.836 [main] DEBUG org.eclipse.jetty.servlet.ServletHolder -- Servlet.init null for com.github.tomakehurst.wiremock.servlet.WireMockHandlerDispatchingServlet-7d30007d
23:59:35.836 [main] INFO org.eclipse.jetty.server.handler.ContextHandler.ROOT -- RequestHandlerClass from context returned com.github.tomakehurst.wiremock.http.StubRequestHandler. Normalized mapped under returned 'null'
23:59:35.836 [main] INFO org.eclipse.jetty.server.handler.ContextHandler -- Started o.e.j.s.ServletContextHandler@2e6d76ba{/,null,AVAILABLE}
23:59:35.836 [main] DEBUG org.eclipse.jetty.util.component.AbstractLifeCycle -- STARTED @26148ms o.e.j.s.ServletContextHandler@2e6d76ba{/,null,AVAILABLE}
23:59:35.836 [main] DEBUG org.eclipse.jetty.util.component.AbstractLifeCycle -- STARTED @26148ms GzipHandler@1cd2ff5b{STARTED,min=32,inflate=-1}
23:59:35.836 [main] DEBUG org.eclipse.jetty.util.component.AbstractLifeCycle -- STARTED @26148ms HandlerCollection@496cc217{STARTED}
23:59:35.836 [main] DEBUG org.eclipse.jetty.util.component.AbstractLifeCycle -- STARTING ErrorHandler@17ff8810{STOPPED}
23:59:35.836 [main] DEBUG org.eclipse.jetty.server.handler.AbstractHandler -- starting ErrorHandler@17ff8810{STARTING}
23:59:35.836 [main] DEBUG org.eclipse.jetty.util.component.AbstractLifeCycle -- STARTED @26148ms ErrorHandler@17ff8810{STARTED}
23:59:35.836 [main] DEBUG org.eclipse.jetty.util.component.AbstractLifeCycle -- STARTING NetworkTrafficServerConnector@640d604{HTTP/1.1, (http/1.1, h2c)}{0.0.0.0:60980}
23:59:35.836 [main] DEBUG org.eclipse.jetty.util.component.AbstractLifeCycle -- STARTING ScheduledExecutorScheduler@62cbc478{STOPPED}
23:59:35.836 [main] DEBUG org.eclipse.jetty.util.component.AbstractLifeCycle -- STARTED @26148ms ScheduledExecutorScheduler@62cbc478{STARTED}
23:59:35.836 [main] DEBUG org.eclipse.jetty.util.component.AbstractLifeCycle -- STARTING HttpConnectionFactory@7b96de8d[HTTP/1.1]
23:59:35.836 [main] DEBUG org.eclipse.jetty.util.component.AbstractLifeCycle -- STARTED @26148ms HttpConnectionFactory@7b96de8d[HTTP/1.1]
23:59:35.836 [main] DEBUG org.eclipse.jetty.util.component.AbstractLifeCycle -- STARTING HTTP2CServerConnectionFactory@5c3d4f05[h2c]
23:59:35.836 [main] DEBUG org.eclipse.jetty.util.component.AbstractLifeCycle -- STARTED @26148ms HTTP2CServerConnectionFactory@5c3d4f05[h2c]
23:59:35.836 [main] DEBUG org.eclipse.jetty.util.component.AbstractLifeCycle -- STARTING SelectorManager@NetworkTrafficServerConnector@640d604{HTTP/1.1, (http/1.1, h2c)}{0.0.0.0:60980}
23:59:35.836 [main] DEBUG org.eclipse.jetty.util.component.ContainerLifeCycle -- AdaptiveExecutionStrategy@7c453c34/SelectorProducer@16cb9989/IDLE/p=false/QueuedThreadPool[qtp1983472905]@76396509{STARTED,8<=8<=25,i=8,r=-1,t=59997ms,q=0}[ReservedThreadExecutor@67b61834{reserved=0/2,pending=0}][pc=0,pic=0,pec=0,epc=0]@2026-05-30T23:59:35.836426+05:30 added {SelectorProducer@16cb9989,POJO}
23:59:35.836 [main] DEBUG org.eclipse.jetty.util.component.ContainerLifeCycle -- AdaptiveExecutionStrategy@7c453c34/SelectorProducer@16cb9989/IDLE/p=false/QueuedThreadPool[qtp1983472905]@76396509{STARTED,8<=8<=25,i=8,r=-1,t=59997ms,q=0}[ReservedThreadExecutor@67b61834{reserved=0/2,pending=0}][pc=0,pic=0,pec=0,epc=0]@2026-05-30T23:59:35.836426+05:30 added {QueuedThreadPool[qtp1983472905]@76396509{STARTED,8<=8<=25,i=8,r=-1,t=59997ms,q=0}[ReservedThreadExecutor@67b61834{reserved=0/2,pending=0}],UNMANAGED}
23:59:35.836 [main] DEBUG org.eclipse.jetty.util.thread.strategy.AdaptiveExecutionStrategy -- AdaptiveExecutionStrategy@7c453c34/SelectorProducer@16cb9989/IDLE/p=false/QueuedThreadPool[qtp1983472905]@76396509{STARTED,8<=8<=25,i=8,r=-1,t=59997ms,q=0}[ReservedThreadExecutor@67b61834{reserved=0/2,pending=0}][pc=0,pic=0,pec=0,epc=0]@2026-05-30T23:59:35.836426+05:30 created
23:59:35.836 [main] DEBUG org.eclipse.jetty.util.component.ContainerLifeCycle -- ManagedSelector@3dfd6220{STOPPED} id=0 keys=-1 selected=-1 updates=0 added {AdaptiveExecutionStrategy@7c453c34/SelectorProducer@16cb9989/IDLE/p=false/QueuedThreadPool[qtp1983472905]@76396509{STARTED,8<=8<=25,i=8,r=-1,t=59997ms,q=0}[ReservedThreadExecutor@67b61834{reserved=0/2,pending=0}][pc=0,pic=0,pec=0,epc=0]@2026-05-30T23:59:35.836426+05:30,MANAGED}
23:59:35.836 [main] DEBUG org.eclipse.jetty.util.component.ContainerLifeCycle -- SelectorManager@NetworkTrafficServerConnector@640d604{HTTP/1.1, (http/1.1, h2c)}{0.0.0.0:60980} added {ManagedSelector@3dfd6220{STOPPED} id=0 keys=-1 selected=-1 updates=0,AUTO}
23:59:35.836 [main] DEBUG org.eclipse.jetty.util.component.ContainerLifeCycle -- AdaptiveExecutionStrategy@3815146b/SelectorProducer@6de43bc1/IDLE/p=false/QueuedThreadPool[qtp1983472905]@76396509{STARTED,8<=8<=25,i=8,r=-1,t=59997ms,q=0}[ReservedThreadExecutor@67b61834{reserved=0/2,pending=0}][pc=0,pic=0,pec=0,epc=0]@2026-05-30T23:59:35.836426+05:30 added {SelectorProducer@6de43bc1,POJO}
23:59:35.836 [main] DEBUG org.eclipse.jetty.util.component.ContainerLifeCycle -- AdaptiveExecutionStrategy@3815146b/SelectorProducer@6de43bc1/IDLE/p=false/QueuedThreadPool[qtp1983472905]@76396509{STARTED,8<=8<=25,i=8,r=-1,t=59997ms,q=0}[ReservedThreadExecutor@67b61834{reserved=0/2,pending=0}][pc=0,pic=0,pec=0,epc=0]@2026-05-30T23:59:35.836426+05:30 added {QueuedThreadPool[qtp1983472905]@76396509{STARTED,8<=8<=25,i=8,r=-1,t=59997ms,q=0}[ReservedThreadExecutor@67b61834{reserved=0/2,pending=0}],UNMANAGED}
23:59:35.836 [main] DEBUG org.eclipse.jetty.util.thread.strategy.AdaptiveExecutionStrategy -- AdaptiveExecutionStrategy@3815146b/SelectorProducer@6de43bc1/IDLE/p=false/QueuedThreadPool[qtp1983472905]@76396509{STARTED,8<=8<=25,i=8,r=-1,t=59997ms,q=0}[ReservedThreadExecutor@67b61834{reserved=0/2,pending=0}][pc=0,pic=0,pec=0,epc=0]@2026-05-30T23:59:35.836426+05:30 created
23:59:35.836 [main] DEBUG org.eclipse.jetty.util.component.ContainerLifeCycle -- ManagedSelector@27a9f025{STOPPED} id=1 keys=-1 selected=-1 updates=0 added {AdaptiveExecutionStrategy@3815146b/SelectorProducer@6de43bc1/IDLE/p=false/QueuedThreadPool[qtp1983472905]@76396509{STARTED,8<=8<=25,i=8,r=-1,t=59997ms,q=0}[ReservedThreadExecutor@67b61834{reserved=0/2,pending=0}][pc=0,pic=0,pec=0,epc=0]@2026-05-30T23:59:35.836426+05:30,MANAGED}
23:59:35.836 [main] DEBUG org.eclipse.jetty.util.component.ContainerLifeCycle -- SelectorManager@NetworkTrafficServerConnector@640d604{HTTP/1.1, (http/1.1, h2c)}{0.0.0.0:60980} added {ManagedSelector@27a9f025{STOPPED} id=1 keys=-1 selected=-1 updates=0,AUTO}
23:59:35.836 [main] DEBUG org.eclipse.jetty.util.component.AbstractLifeCycle -- STARTING ManagedSelector@3dfd6220{STOPPED} id=0 keys=-1 selected=-1 updates=0
23:59:35.836 [main] DEBUG org.eclipse.jetty.util.component.AbstractLifeCycle -- STARTING AdaptiveExecutionStrategy@7c453c34/SelectorProducer@16cb9989/IDLE/p=false/QueuedThreadPool[qtp1983472905]@76396509{STARTED,8<=8<=25,i=8,r=-1,t=59997ms,q=0}[ReservedThreadExecutor@67b61834{reserved=0/2,pending=0}][pc=0,pic=0,pec=0,epc=0]@2026-05-30T23:59:35.836426+05:30
23:59:35.836 [main] DEBUG org.eclipse.jetty.util.component.AbstractLifeCycle -- STARTED @26149ms AdaptiveExecutionStrategy@7c453c34/SelectorProducer@16cb9989/IDLE/p=false/QueuedThreadPool[qtp1983472905]@76396509{STARTED,8<=8<=25,i=8,r=-1,t=59997ms,q=0}[ReservedThreadExecutor@67b61834{reserved=0/2,pending=0}][pc=0,pic=0,pec=0,epc=0]@2026-05-30T23:59:35.836426+05:30
23:59:35.837 [main] DEBUG org.eclipse.jetty.util.thread.QueuedThreadPool -- queue org.eclipse.jetty.io.ManagedSelector$$Lambda/0x0000025a012a9980@71936a92 startThread=0
23:59:35.837 [main] DEBUG org.eclipse.jetty.io.ManagedSelector -- Queued change lazy=false org.eclipse.jetty.io.ManagedSelector$Start@61359e87 on ManagedSelector@3dfd6220{STARTING} id=0 keys=0 selected=0 updates=0
23:59:35.837 [qtp1983472905-263] DEBUG org.eclipse.jetty.util.thread.QueuedThreadPool -- run org.eclipse.jetty.io.ManagedSelector$$Lambda/0x0000025a012a9980@71936a92 in QueuedThreadPool[qtp1983472905]@76396509{STARTED,8<=8<=25,i=7,r=-1,t=59996ms,q=0}[ReservedThreadExecutor@67b61834{reserved=0/2,pending=0}]
23:59:35.837 [qtp1983472905-263] DEBUG org.eclipse.jetty.util.thread.strategy.AdaptiveExecutionStrategy -- AdaptiveExecutionStrategy@7c453c34/SelectorProducer@16cb9989/IDLE/p=false/QueuedThreadPool[qtp1983472905]@76396509{STARTED,8<=8<=25,i=7,r=-1,t=59996ms,q=0}[ReservedThreadExecutor@67b61834{reserved=0/2,pending=0}][pc=0,pic=0,pec=0,epc=0]@2026-05-30T23:59:35.8374334+05:30 tryProduce false
23:59:35.837 [qtp1983472905-263] DEBUG org.eclipse.jetty.io.ManagedSelector -- updateable 1
23:59:35.837 [qtp1983472905-263] DEBUG org.eclipse.jetty.io.ManagedSelector -- update org.eclipse.jetty.io.ManagedSelector$Start@61359e87
23:59:35.837 [qtp1983472905-263] DEBUG org.eclipse.jetty.io.ManagedSelector -- updates 0
23:59:35.837 [qtp1983472905-263] DEBUG org.eclipse.jetty.io.ManagedSelector -- Selector sun.nio.ch.WEPollSelectorImpl@ee945e9 waiting with 0 keys
23:59:35.837 [main] DEBUG org.eclipse.jetty.util.component.AbstractLifeCycle -- STARTED @26150ms ManagedSelector@3dfd6220{STARTED} id=0 keys=0 selected=0 updates=0
23:59:35.837 [main] DEBUG org.eclipse.jetty.util.component.AbstractLifeCycle -- STARTING ManagedSelector@27a9f025{STOPPED} id=1 keys=-1 selected=-1 updates=0
23:59:35.837 [main] DEBUG org.eclipse.jetty.util.component.AbstractLifeCycle -- STARTING AdaptiveExecutionStrategy@3815146b/SelectorProducer@6de43bc1/IDLE/p=false/QueuedThreadPool[qtp1983472905]@76396509{STARTED,8<=8<=25,i=7,r=-1,t=59995ms,q=0}[ReservedThreadExecutor@67b61834{reserved=0/2,pending=0}][pc=0,pic=0,pec=0,epc=0]@2026-05-30T23:59:35.8374334+05:30
23:59:35.837 [main] DEBUG org.eclipse.jetty.util.component.AbstractLifeCycle -- STARTED @26150ms AdaptiveExecutionStrategy@3815146b/SelectorProducer@6de43bc1/IDLE/p=false/QueuedThreadPool[qtp1983472905]@76396509{STARTED,8<=8<=25,i=7,r=-1,t=59995ms,q=0}[ReservedThreadExecutor@67b61834{reserved=0/2,pending=0}][pc=0,pic=0,pec=0,epc=0]@2026-05-30T23:59:35.8374334+05:30
23:59:35.838 [main] DEBUG org.eclipse.jetty.util.thread.QueuedThreadPool -- queue org.eclipse.jetty.io.ManagedSelector$$Lambda/0x0000025a012a9980@2dc39b53 startThread=0
23:59:35.838 [qtp1983472905-264] DEBUG org.eclipse.jetty.util.thread.QueuedThreadPool -- run org.eclipse.jetty.io.ManagedSelector$$Lambda/0x0000025a012a9980@2dc39b53 in QueuedThreadPool[qtp1983472905]@76396509{STARTED,8<=8<=25,i=6,r=-1,t=59994ms,q=0}[ReservedThreadExecutor@67b61834{reserved=0/2,pending=0}]
23:59:35.838 [main] DEBUG org.eclipse.jetty.io.ManagedSelector -- Queued change lazy=false org.eclipse.jetty.io.ManagedSelector$Start@45037e16 on ManagedSelector@27a9f025{STARTING} id=1 keys=0 selected=0 updates=0
23:59:35.838 [qtp1983472905-264] DEBUG org.eclipse.jetty.util.thread.strategy.AdaptiveExecutionStrategy -- AdaptiveExecutionStrategy@3815146b/SelectorProducer@6de43bc1/IDLE/p=false/QueuedThreadPool[qtp1983472905]@76396509{STARTED,8<=8<=25,i=6,r=-1,t=59994ms,q=0}[ReservedThreadExecutor@67b61834{reserved=0/2,pending=0}][pc=0,pic=0,pec=0,epc=0]@2026-05-30T23:59:35.8389317+05:30 tryProduce false
23:59:35.838 [qtp1983472905-264] DEBUG org.eclipse.jetty.io.ManagedSelector -- updateable 1
23:59:35.838 [qtp1983472905-264] DEBUG org.eclipse.jetty.io.ManagedSelector -- update org.eclipse.jetty.io.ManagedSelector$Start@45037e16
23:59:35.838 [qtp1983472905-264] DEBUG org.eclipse.jetty.io.ManagedSelector -- updates 0
23:59:35.838 [qtp1983472905-264] DEBUG org.eclipse.jetty.io.ManagedSelector -- Selector sun.nio.ch.WEPollSelectorImpl@15b5dbd7 waiting with 0 keys
23:59:35.838 [main] DEBUG org.eclipse.jetty.util.component.AbstractLifeCycle -- STARTED @26151ms ManagedSelector@27a9f025{STARTED} id=1 keys=0 selected=0 updates=0
23:59:35.838 [main] DEBUG org.eclipse.jetty.util.component.AbstractLifeCycle -- STARTED @26151ms SelectorManager@NetworkTrafficServerConnector@640d604{HTTP/1.1, (http/1.1, h2c)}{0.0.0.0:60980}
23:59:35.839 [main] DEBUG org.eclipse.jetty.util.component.ContainerLifeCycle -- NetworkTrafficServerConnector@640d604{HTTP/1.1, (http/1.1, h2c)}{0.0.0.0:60980} added {acceptor-0@2f2e4bde,POJO}
23:59:35.839 [main] DEBUG org.eclipse.jetty.util.thread.QueuedThreadPool -- queue acceptor-0@2f2e4bde startThread=0
23:59:35.839 [main] DEBUG org.eclipse.jetty.util.component.ContainerLifeCycle -- NetworkTrafficServerConnector@640d604{HTTP/1.1, (http/1.1, h2c)}{0.0.0.0:60980} added {acceptor-1@6222391a,POJO}
23:59:35.839 [main] DEBUG org.eclipse.jetty.util.thread.QueuedThreadPool -- queue acceptor-1@6222391a startThread=0
23:59:35.839 [qtp1983472905-265] DEBUG org.eclipse.jetty.util.thread.QueuedThreadPool -- run acceptor-0@2f2e4bde in QueuedThreadPool[qtp1983472905]@76396509{STARTED,8<=8<=25,i=4,r=-1,t=59994ms,q=0}[ReservedThreadExecutor@67b61834{reserved=0/2,pending=0}]
23:59:35.839 [main] DEBUG org.eclipse.jetty.util.component.ContainerLifeCycle -- NetworkTrafficServerConnector@640d604{HTTP/1.1, (http/1.1, h2c)}{0.0.0.0:60980} added {acceptor-2@538a2f0e,POJO}
23:59:35.839 [qtp1983472905-266] DEBUG org.eclipse.jetty.util.thread.QueuedThreadPool -- run acceptor-1@6222391a in QueuedThreadPool[qtp1983472905]@76396509{STARTED,8<=8<=25,i=4,r=-1,t=59994ms,q=0}[ReservedThreadExecutor@67b61834{reserved=0/2,pending=0}]
23:59:35.839 [main] DEBUG org.eclipse.jetty.util.thread.QueuedThreadPool -- queue acceptor-2@538a2f0e startThread=0
23:59:35.839 [main] INFO org.eclipse.jetty.server.AbstractConnector -- Started NetworkTrafficServerConnector@640d604{HTTP/1.1, (http/1.1, h2c)}{0.0.0.0:60980}
23:59:35.839 [main] DEBUG org.eclipse.jetty.util.component.AbstractLifeCycle -- STARTED @26152ms NetworkTrafficServerConnector@640d604{HTTP/1.1, (http/1.1, h2c)}{0.0.0.0:60980}
23:59:35.839 [main] INFO org.eclipse.jetty.server.Server -- Started Server@51ac12ac{STARTING}[11.0.20,sto=1000] @26152ms
23:59:35.839 [main] DEBUG org.eclipse.jetty.util.component.AbstractLifeCycle -- STARTED @26152ms Server@51ac12ac{STARTED}[11.0.20,sto=1000]
23:59:35.839 [qtp1983472905-268] DEBUG org.eclipse.jetty.util.thread.QueuedThreadPool -- run acceptor-2@538a2f0e in QueuedThreadPool[qtp1983472905]@76396509{STARTED,8<=8<=25,i=3,r=-1,t=59994ms,q=0}[ReservedThreadExecutor@67b61834{reserved=0/2,pending=0}]
23:59:35.843 [main] DEBUG org.apache.hc.client5.http.impl.classic.InternalHttpClient -- ex-0000000017 preparing request execution
23:59:35.843 [main] DEBUG org.apache.hc.client5.http.impl.classic.ProtocolExec -- ex-0000000017 target auth state: UNCHALLENGED
23:59:35.843 [main] DEBUG org.apache.hc.client5.http.impl.classic.ProtocolExec -- ex-0000000017 proxy auth state: UNCHALLENGED
23:59:35.843 [main] DEBUG org.apache.hc.client5.http.impl.classic.ConnectExec -- ex-0000000017 acquiring connection with route {}->http://localhost:60980
23:59:35.843 [main] DEBUG org.apache.hc.client5.http.impl.classic.InternalHttpClient -- ex-0000000017 acquiring endpoint (3 MINUTES)
23:59:35.843 [main] DEBUG org.apache.hc.client5.http.impl.io.PoolingHttpClientConnectionManager -- ex-0000000017 endpoint lease request (3 MINUTES) [route: {}->http://localhost:60980][total available: 0; route allocated: 0 of 5; total allocated: 0 of 25]
23:59:35.843 [main] DEBUG org.apache.hc.client5.http.impl.io.PoolingHttpClientConnectionManager -- ex-0000000017 endpoint leased [route: {}->http://localhost:60980][total available: 0; route allocated: 1 of 5; total allocated: 1 of 25]
23:59:35.843 [main] DEBUG org.apache.hc.client5.http.impl.io.PoolingHttpClientConnectionManager -- ex-0000000017 acquired ep-0000000017
23:59:35.843 [main] DEBUG org.apache.hc.client5.http.impl.classic.InternalHttpClient -- ex-0000000017 acquired endpoint ep-0000000017
23:59:35.843 [main] DEBUG org.apache.hc.client5.http.impl.classic.ConnectExec -- ex-0000000017 opening connection {}->http://localhost:60980
23:59:35.843 [main] DEBUG org.apache.hc.client5.http.impl.classic.InternalHttpClient -- ep-0000000017 connecting endpoint (null)
23:59:35.843 [main] DEBUG org.apache.hc.client5.http.impl.io.PoolingHttpClientConnectionManager -- ep-0000000017 connecting endpoint to http://localhost:60980 (3 MINUTES)
23:59:35.843 [main] DEBUG org.apache.hc.client5.http.impl.io.DefaultHttpClientConnectionOperator -- localhost resolving remote address
23:59:35.843 [main] DEBUG org.apache.hc.client5.http.impl.io.DefaultHttpClientConnectionOperator -- localhost resolved to [localhost/127.0.0.1]
23:59:35.843 [main] DEBUG org.apache.hc.client5.http.impl.io.DefaultHttpClientConnectionOperator -- localhost:60980 connecting null->localhost/127.0.0.1:60980 (3 MINUTES)
23:59:35.843 [main] DEBUG org.apache.hc.client5.http.impl.io.DefaultManagedHttpClientConnection -- http-outgoing-15 set socket timeout to 3 MINUTES
23:59:35.843 [main] DEBUG org.apache.hc.client5.http.impl.io.DefaultHttpClientConnectionOperator -- localhost:60980 connected null->localhost/127.0.0.1:60980 as http-outgoing-15
23:59:35.843 [main] DEBUG org.apache.hc.client5.http.impl.io.PoolingHttpClientConnectionManager -- ep-0000000017 connected http-outgoing-15
23:59:35.843 [main] DEBUG org.apache.hc.client5.http.impl.classic.InternalHttpClient -- ep-0000000017 endpoint connected
23:59:35.843 [main] DEBUG org.apache.hc.client5.http.impl.classic.MainClientExec -- ex-0000000017 executing POST /__admin/mappings HTTP/1.1
23:59:35.843 [qtp1983472905-265-acceptor-0@2f2e4bde-NetworkTrafficServerConnector@640d604{HTTP/1.1, (http/1.1, h2c)}{0.0.0.0:60980}] DEBUG org.eclipse.jetty.io.ManagedSelector -- Queued change lazy=false Accept@27b75de7[java.nio.channels.SocketChannel[connected local=/127.0.0.1:60980 remote=/127.0.0.1:60981]] on ManagedSelector@27a9f025{STARTED} id=1 keys=0 selected=0 updates=0
23:59:35.843 [qtp1983472905-265-acceptor-0@2f2e4bde-NetworkTrafficServerConnector@640d604{HTTP/1.1, (http/1.1, h2c)}{0.0.0.0:60980}] DEBUG org.eclipse.jetty.io.ManagedSelector -- Wakeup on submit ManagedSelector@27a9f025{STARTED} id=1 keys=0 selected=0 updates=1
23:59:35.843 [main] DEBUG org.apache.hc.client5.http.impl.io.DefaultManagedHttpClientConnection -- http-outgoing-15 set socket timeout to 30000 MILLISECONDS
23:59:35.843 [main] DEBUG org.apache.hc.client5.http.impl.classic.InternalHttpClient -- ep-0000000017 start execution ex-0000000017
23:59:35.843 [main] DEBUG org.apache.hc.client5.http.impl.io.PoolingHttpClientConnectionManager -- ep-0000000017 executing exchange ex-0000000017 over http-outgoing-15
23:59:35.843 [qtp1983472905-264] DEBUG org.eclipse.jetty.io.ManagedSelector -- Selector sun.nio.ch.WEPollSelectorImpl@15b5dbd7 woken with none selected
23:59:35.843 [qtp1983472905-264] DEBUG org.eclipse.jetty.io.ManagedSelector -- Selector sun.nio.ch.WEPollSelectorImpl@15b5dbd7 woken up from select, 0/0/0 selected
23:59:35.844 [qtp1983472905-264] DEBUG org.eclipse.jetty.io.ManagedSelector -- Selector sun.nio.ch.WEPollSelectorImpl@15b5dbd7 processing 0 keys, 1 updates
23:59:35.844 [qtp1983472905-264] DEBUG org.eclipse.jetty.io.ManagedSelector -- updateable 1
23:59:35.844 [qtp1983472905-264] DEBUG org.eclipse.jetty.io.ManagedSelector -- update Accept@27b75de7[java.nio.channels.SocketChannel[connected local=/127.0.0.1:60980 remote=/127.0.0.1:60981]]
23:59:35.844 [qtp1983472905-264] DEBUG org.eclipse.jetty.util.thread.QueuedThreadPool -- queue Accept@27b75de7[java.nio.channels.SocketChannel[connected local=/127.0.0.1:60980 remote=/127.0.0.1:60981]] startThread=0
23:59:35.844 [main] DEBUG org.apache.hc.client5.http.headers -- http-outgoing-15 >> POST /__admin/mappings HTTP/1.1
23:59:35.844 [qtp1983472905-264] DEBUG org.eclipse.jetty.io.ManagedSelector -- updates 0
23:59:35.844 [main] DEBUG org.apache.hc.client5.http.headers -- http-outgoing-15 >> Content-Length: 370
23:59:35.844 [main] DEBUG org.apache.hc.client5.http.headers -- http-outgoing-15 >> Content-Type: text/plain; charset=UTF-8
23:59:35.844 [main] DEBUG org.apache.hc.client5.http.headers -- http-outgoing-15 >> Host: localhost:60980
23:59:35.844 [qtp1983472905-264] DEBUG org.eclipse.jetty.io.ManagedSelector -- Selector sun.nio.ch.WEPollSelectorImpl@15b5dbd7 waiting with 1 keys
23:59:35.844 [main] DEBUG org.apache.hc.client5.http.headers -- http-outgoing-15 >> Connection: keep-alive
23:59:35.844 [main] DEBUG org.apache.hc.client5.http.headers -- http-outgoing-15 >> User-Agent: Apache-HttpClient/5.2.3 (Java/21.0.7)
23:59:35.844 [qtp1983472905-267] DEBUG org.eclipse.jetty.util.thread.QueuedThreadPool -- run Accept@27b75de7[java.nio.channels.SocketChannel[connected local=/127.0.0.1:60980 remote=/127.0.0.1:60981]] in QueuedThreadPool[qtp1983472905]@76396509{STARTED,8<=8<=25,i=2,r=-1,t=59989ms,q=0}[ReservedThreadExecutor@67b61834{reserved=0/2,pending=0}]
23:59:35.844 [main] DEBUG org.apache.hc.client5.http.wire -- http-outgoing-15 >> "POST /__admin/mappings HTTP/1.1[\r][\n]"
23:59:35.844 [main] DEBUG org.apache.hc.client5.http.wire -- http-outgoing-15 >> "Content-Length: 370[\r][\n]"
23:59:35.844 [main] DEBUG org.apache.hc.client5.http.wire -- http-outgoing-15 >> "Content-Type: text/plain; charset=UTF-8[\r][\n]"
23:59:35.844 [main] DEBUG org.apache.hc.client5.http.wire -- http-outgoing-15 >> "Host: localhost:60980[\r][\n]"
23:59:35.844 [qtp1983472905-267] DEBUG org.eclipse.jetty.io.IdleTimeout -- Setting idle timeout 0 -> 30000 on NetworkTrafficSocketChannelEndPoint@2289f9f1[{l=/127.0.0.1:60980,r=/127.0.0.1:60981,OPEN,fill=-,flush=-,to=0/30000}{io=0/0,kio=0,kro=0}]->[<null>]
23:59:35.844 [main] DEBUG org.apache.hc.client5.http.wire -- http-outgoing-15 >> "Connection: keep-alive[\r][\n]"
23:59:35.844 [qtp1983472905-267] DEBUG org.eclipse.jetty.io.IdleTimeout -- NetworkTrafficSocketChannelEndPoint@2289f9f1[{l=/127.0.0.1:60980,r=/127.0.0.1:60981,OPEN,fill=-,flush=-,to=0/30000}{io=0/0,kio=0,kro=0}]->[<null>] idle timeout check, elapsed: 0 ms, remaining: 30000 ms
23:59:35.844 [main] DEBUG org.apache.hc.client5.http.wire -- http-outgoing-15 >> "User-Agent: Apache-HttpClient/5.2.3 (Java/21.0.7)[\r][\n]"
23:59:35.844 [main] DEBUG org.apache.hc.client5.http.wire -- http-outgoing-15 >> "[\r][\n]"
23:59:35.844 [main] DEBUG org.apache.hc.client5.http.wire -- http-outgoing-15 >> "{[\r][\n]"
23:59:35.844 [main] DEBUG org.apache.hc.client5.http.wire -- http-outgoing-15 >> "  "id" : "e19a876f-66a2-4cd2-8fe9-ee95cf678341",[\r][\n]"
23:59:35.844 [main] DEBUG org.apache.hc.client5.http.wire -- http-outgoing-15 >> "  "request" : {[\r][\n]"
23:59:35.844 [main] DEBUG org.apache.hc.client5.http.wire -- http-outgoing-15 >> "    "url" : "/api/inventory/SKU-2",[\r][\n]"
23:59:35.844 [main] DEBUG org.apache.hc.client5.http.wire -- http-outgoing-15 >> "    "method" : "GET"[\r][\n]"
23:59:35.844 [main] DEBUG org.apache.hc.client5.http.wire -- http-outgoing-15 >> "  },[\r][\n]"
23:59:35.844 [main] DEBUG org.apache.hc.client5.http.wire -- http-outgoing-15 >> "  "response" : {[\r][\n]"
23:59:35.844 [main] DEBUG org.apache.hc.client5.http.wire -- http-outgoing-15 >> "    "status" : 200,[\r][\n]"
23:59:35.844 [main] DEBUG org.apache.hc.client5.http.wire -- http-outgoing-15 >> "    "body" : "{\"sku\":\"SKU-2\",\"stock\":0,\"available\":false}",[\r][\n]"
23:59:35.844 [main] DEBUG org.apache.hc.client5.http.wire -- http-outgoing-15 >> "    "headers" : {[\r][\n]"
23:59:35.844 [main] DEBUG org.apache.hc.client5.http.wire -- http-outgoing-15 >> "      "Content-Type" : "application/json"[\r][\n]"
23:59:35.844 [main] DEBUG org.apache.hc.client5.http.wire -- http-outgoing-15 >> "    }[\r][\n]"
23:59:35.844 [main] DEBUG org.apache.hc.client5.http.wire -- http-outgoing-15 >> "  },[\r][\n]"
23:59:35.844 [main] DEBUG org.apache.hc.client5.http.wire -- http-outgoing-15 >> "  "uuid" : "e19a876f-66a2-4cd2-8fe9-ee95cf678341"[\r][\n]"
23:59:35.844 [main] DEBUG org.apache.hc.client5.http.wire -- http-outgoing-15 >> "}"
23:59:35.844 [qtp1983472905-267] DEBUG org.eclipse.jetty.server.HttpChannel -- new HttpChannelOverHttp@28719281{s=HttpChannelState@6d7309eb{s=IDLE rs=BLOCKING os=OPEN is=IDLE awp=false se=false i=true al=0},r=0,c=false/false,a=IDLE,uri=null,age=0} -> NetworkTrafficSocketChannelEndPoint@2289f9f1[{l=/127.0.0.1:60980,r=/127.0.0.1:60981,OPEN,fill=-,flush=-,to=0/30000}{io=0/0,kio=0,kro=0}]->[<null>],null,HttpChannelState@6d7309eb{s=IDLE rs=BLOCKING os=OPEN is=IDLE awp=false se=false i=true al=0}
23:59:35.844 [qtp1983472905-267] DEBUG org.eclipse.jetty.server.HttpConnection -- New HTTP Connection HttpConnection@5823c5::NetworkTrafficSocketChannelEndPoint@2289f9f1[{l=/127.0.0.1:60980,r=/127.0.0.1:60981,OPEN,fill=-,flush=-,to=0/30000}{io=0/0,kio=0,kro=0}]->[<null>]
23:59:35.844 [qtp1983472905-267] DEBUG org.eclipse.jetty.io.ManagedSelector -- Queued change lazy=true org.eclipse.jetty.io.ManagedSelector$$Lambda/0x0000025a013313b8@5cd4e09d on ManagedSelector@27a9f025{STARTED} id=1 keys=1 selected=0 updates=0
23:59:35.844 [qtp1983472905-267] DEBUG org.eclipse.jetty.io.AbstractEndPoint -- onOpen NetworkTrafficSocketChannelEndPoint@2289f9f1[{l=/127.0.0.1:60980,r=/127.0.0.1:60981,OPEN,fill=-,flush=-,to=0/30000}{io=0/0,kio=0,kro=0}]->[HttpConnection@5823c5[p=HttpParser{s=START,0 of -1},g=HttpGenerator@7815941c{s=START}]=>HttpChannelOverHttp@28719281{s=HttpChannelState@6d7309eb{s=IDLE rs=BLOCKING os=OPEN is=IDLE awp=false se=false i=true al=0},r=0,c=false/false,a=IDLE,uri=null,age=0}]
23:59:35.844 [qtp1983472905-267] DEBUG org.eclipse.jetty.io.AbstractConnection -- onOpen HttpConnection@5823c5::NetworkTrafficSocketChannelEndPoint@2289f9f1[{l=/127.0.0.1:60980,r=/127.0.0.1:60981,OPEN,fill=-,flush=-,to=0/30000}{io=0/0,kio=0,kro=0}]->[HttpConnection@5823c5[p=HttpParser{s=START,0 of -1},g=HttpGenerator@7815941c{s=START}]=>HttpChannelOverHttp@28719281{s=HttpChannelState@6d7309eb{s=IDLE rs=BLOCKING os=OPEN is=IDLE awp=false se=false i=true al=0},r=0,c=false/false,a=IDLE,uri=null,age=0}]
23:59:35.844 [qtp1983472905-267] DEBUG org.eclipse.jetty.io.AbstractConnection -- fillInterested HttpConnection@5823c5::NetworkTrafficSocketChannelEndPoint@2289f9f1[{l=/127.0.0.1:60980,r=/127.0.0.1:60981,OPEN,fill=-,flush=-,to=0/30000}{io=0/0,kio=0,kro=0}]->[HttpConnection@5823c5[p=HttpParser{s=START,0 of -1},g=HttpGenerator@7815941c{s=START}]=>HttpChannelOverHttp@28719281{s=HttpChannelState@6d7309eb{s=IDLE rs=BLOCKING os=OPEN is=IDLE awp=false se=false i=true al=0},r=0,c=false/false,a=IDLE,uri=null,age=0}]
23:59:35.844 [qtp1983472905-267] DEBUG org.eclipse.jetty.io.FillInterest -- interested FillInterest@d5cf6a4{ReadCallback@4c5bbac1{HttpConnection@5823c5::NetworkTrafficSocketChannelEndPoint@2289f9f1[{l=/127.0.0.1:60980,r=/127.0.0.1:60981,OPEN,fill=FI,flush=-,to=0/30000}{io=0/0,kio=0,kro=0}]->[HttpConnection@5823c5[p=HttpParser{s=START,0 of -1},g=HttpGenerator@7815941c{s=START}]=>HttpChannelOverHttp@28719281{s=HttpChannelState@6d7309eb{s=IDLE rs=BLOCKING os=OPEN is=IDLE awp=false se=false i=true al=0},r=0,c=false/false,a=IDLE,uri=null,age=0}]}}
23:59:35.844 [qtp1983472905-267] DEBUG org.eclipse.jetty.io.SelectableChannelEndPoint -- changeInterests p=false 0->1 for NetworkTrafficSocketChannelEndPoint@2289f9f1[{l=/127.0.0.1:60980,r=/127.0.0.1:60981,OPEN,fill=FI,flush=-,to=0/30000}{io=0/1,kio=0,kro=0}]->[HttpConnection@5823c5[p=HttpParser{s=START,0 of -1},g=HttpGenerator@7815941c{s=START}]=>HttpChannelOverHttp@28719281{s=HttpChannelState@6d7309eb{s=IDLE rs=BLOCKING os=OPEN is=IDLE awp=false se=false i=true al=0},r=0,c=false/false,a=IDLE,uri=null,age=0}]
23:59:35.844 [qtp1983472905-267] DEBUG org.eclipse.jetty.io.ManagedSelector -- Queued change lazy=false org.eclipse.jetty.io.SelectableChannelEndPoint$$Lambda/0x0000025a0131ed40@37706bdf on ManagedSelector@27a9f025{STARTED} id=1 keys=1 selected=0 updates=1
23:59:35.844 [qtp1983472905-267] DEBUG org.eclipse.jetty.io.ManagedSelector -- Wakeup on submit ManagedSelector@27a9f025{STARTED} id=1 keys=1 selected=0 updates=2
23:59:35.844 [qtp1983472905-264] DEBUG org.eclipse.jetty.io.ManagedSelector -- Selector sun.nio.ch.WEPollSelectorImpl@15b5dbd7 woken with none selected
23:59:35.844 [qtp1983472905-267] DEBUG org.eclipse.jetty.io.ManagedSelector -- Created NetworkTrafficSocketChannelEndPoint@2289f9f1[{l=/127.0.0.1:60980,r=/127.0.0.1:60981,OPEN,fill=FI,flush=-,to=0/30000}{io=0/1,kio=0,kro=0}]->[HttpConnection@5823c5[p=HttpParser{s=START,0 of -1},g=HttpGenerator@7815941c{s=START}]=>HttpChannelOverHttp@28719281{s=HttpChannelState@6d7309eb{s=IDLE rs=BLOCKING os=OPEN is=IDLE awp=false se=false i=true al=0},r=0,c=false/false,a=IDLE,uri=null,age=0}]
23:59:35.844 [qtp1983472905-264] DEBUG org.eclipse.jetty.io.ManagedSelector -- Selector sun.nio.ch.WEPollSelectorImpl@15b5dbd7 woken up from select, 0/0/1 selected
23:59:35.844 [qtp1983472905-264] DEBUG org.eclipse.jetty.io.ManagedSelector -- Selector sun.nio.ch.WEPollSelectorImpl@15b5dbd7 processing 0 keys, 2 updates
23:59:35.844 [qtp1983472905-264] DEBUG org.eclipse.jetty.io.ManagedSelector -- updateable 2
23:59:35.844 [qtp1983472905-264] DEBUG org.eclipse.jetty.io.ManagedSelector -- update org.eclipse.jetty.io.ManagedSelector$$Lambda/0x0000025a013313b8@5cd4e09d
23:59:35.844 [qtp1983472905-267] DEBUG org.eclipse.jetty.util.thread.QueuedThreadPool -- ran Accept@27b75de7[java.nio.channels.SocketChannel[connected local=/127.0.0.1:60980 remote=/127.0.0.1:60981]] in QueuedThreadPool[qtp1983472905]@76396509{STARTED,8<=8<=25,i=2,r=-1,t=59989ms,q=0}[ReservedThreadExecutor@67b61834{reserved=0/2,pending=0}]
23:59:35.844 [qtp1983472905-264] DEBUG org.eclipse.jetty.io.ManagedSelector -- update org.eclipse.jetty.io.SelectableChannelEndPoint$$Lambda/0x0000025a0131ed40@37706bdf
23:59:35.844 [qtp1983472905-267] DEBUG org.eclipse.jetty.util.thread.QueuedThreadPool -- Evict skipped, no excess threads QueuedThreadPool[qtp1983472905]@76396509{STARTED,8<=8<=25,i=3,r=-1,t=59988ms,q=0}[ReservedThreadExecutor@67b61834{reserved=0/2,pending=0}]
23:59:35.844 [qtp1983472905-264] DEBUG org.eclipse.jetty.io.SelectableChannelEndPoint -- Key interests updated 0 -> 1 on NetworkTrafficSocketChannelEndPoint@2289f9f1[{l=/127.0.0.1:60980,r=/127.0.0.1:60981,OPEN,fill=FI,flush=-,to=0/30000}{io=1/1,kio=1,kro=0}]->[HttpConnection@5823c5[p=HttpParser{s=START,0 of -1},g=HttpGenerator@7815941c{s=START}]=>HttpChannelOverHttp@28719281{s=HttpChannelState@6d7309eb{s=IDLE rs=BLOCKING os=OPEN is=IDLE awp=false se=false i=true al=0},r=0,c=false/false,a=IDLE,uri=null,age=0}]
23:59:35.844 [qtp1983472905-264] DEBUG org.eclipse.jetty.io.ManagedSelector -- updates 0
23:59:35.844 [qtp1983472905-264] DEBUG org.eclipse.jetty.io.ManagedSelector -- Selector sun.nio.ch.WEPollSelectorImpl@15b5dbd7 waiting with 1 keys
23:59:35.844 [qtp1983472905-264] DEBUG org.eclipse.jetty.io.ManagedSelector -- Selector sun.nio.ch.WEPollSelectorImpl@15b5dbd7 woken up from select, 1/1/1 selected
23:59:35.844 [qtp1983472905-264] DEBUG org.eclipse.jetty.io.ManagedSelector -- Selector sun.nio.ch.WEPollSelectorImpl@15b5dbd7 processing 1 keys, 0 updates
23:59:35.844 [qtp1983472905-264] DEBUG org.eclipse.jetty.io.ManagedSelector -- selected 1 channel=java.nio.channels.SocketChannel[connected local=/127.0.0.1:60980 remote=/127.0.0.1:60981], selector=sun.nio.ch.WEPollSelectorImpl@15b5dbd7, interestOps=1, readyOps=1 NetworkTrafficSocketChannelEndPoint@2289f9f1[{l=/127.0.0.1:60980,r=/127.0.0.1:60981,OPEN,fill=FI,flush=-,to=0/30000}{io=1/1,kio=1,kro=1}]->[HttpConnection@5823c5[p=HttpParser{s=START,0 of -1},g=HttpGenerator@7815941c{s=START}]=>HttpChannelOverHttp@28719281{s=HttpChannelState@6d7309eb{s=IDLE rs=BLOCKING os=OPEN is=IDLE awp=false se=false i=true al=0},r=0,c=false/false,a=IDLE,uri=null,age=0}] 
23:59:35.844 [qtp1983472905-264] DEBUG org.eclipse.jetty.io.SelectableChannelEndPoint -- onSelected 1->0 r=true w=false for NetworkTrafficSocketChannelEndPoint@2289f9f1[{l=/127.0.0.1:60980,r=/127.0.0.1:60981,OPEN,fill=FI,flush=-,to=0/30000}{io=1/0,kio=1,kro=1}]->[HttpConnection@5823c5[p=HttpParser{s=START,0 of -1},g=HttpGenerator@7815941c{s=START}]=>HttpChannelOverHttp@28719281{s=HttpChannelState@6d7309eb{s=IDLE rs=BLOCKING os=OPEN is=IDLE awp=false se=false i=true al=0},r=0,c=false/false,a=IDLE,uri=null,age=0}]
23:59:35.844 [qtp1983472905-264] DEBUG org.eclipse.jetty.io.SelectableChannelEndPoint -- task NetworkTrafficSocketChannelEndPoint@2289f9f1[{l=/127.0.0.1:60980,r=/127.0.0.1:60981,OPEN,fill=FI,flush=-,to=0/30000}{io=1/0,kio=1,kro=1}]->[HttpConnection@5823c5[p=HttpParser{s=START,0 of -1},g=HttpGenerator@7815941c{s=START}]=>HttpChannelOverHttp@28719281{s=HttpChannelState@6d7309eb{s=IDLE rs=BLOCKING os=OPEN is=IDLE awp=false se=false i=true al=0},r=0,c=false/false,a=IDLE,uri=null,age=0}]:runFillable:BLOCKING
23:59:35.844 [qtp1983472905-264] DEBUG org.eclipse.jetty.util.thread.ReservedThreadExecutor -- ReservedThreadExecutor@67b61834{reserved=0/2,pending=0} tryExecute AdaptiveExecutionStrategy@3815146b/SelectorProducer@6de43bc1/PRODUCING/p=false/QueuedThreadPool[qtp1983472905]@76396509{STARTED,8<=8<=25,i=3,r=-1,t=59988ms,q=0}[ReservedThreadExecutor@67b61834{reserved=0/2,pending=0}][pc=0,pic=0,pec=0,epc=0]@2026-05-30T23:59:35.8448994+05:30
23:59:35.844 [qtp1983472905-264] DEBUG org.eclipse.jetty.util.thread.ReservedThreadExecutor -- ReservedThreadExecutor@67b61834{reserved=0/2,pending=1} startReservedThread p=1
23:59:35.844 [qtp1983472905-264] DEBUG org.eclipse.jetty.util.thread.QueuedThreadPool -- queue ReservedThread@1f4db0a7{PENDING,thread=null} startThread=0
23:59:35.844 [qtp1983472905-264] DEBUG org.eclipse.jetty.util.thread.strategy.AdaptiveExecutionStrategy -- ss=PRODUCE_EXECUTE_CONSUME t=NetworkTrafficSocketChannelEndPoint@2289f9f1[{l=/127.0.0.1:60980,r=/127.0.0.1:60981,OPEN,fill=FI,flush=-,to=0/30000}{io=1/0,kio=1,kro=1}]->[HttpConnection@5823c5[p=HttpParser{s=START,0 of -1},g=HttpGenerator@7815941c{s=START}]=>HttpChannelOverHttp@28719281{s=HttpChannelState@6d7309eb{s=IDLE rs=BLOCKING os=OPEN is=IDLE awp=false se=false i=true al=0},r=0,c=false/false,a=IDLE,uri=null,age=0}]:runFillable:BLOCKING/BLOCKING AdaptiveExecutionStrategy@3815146b/SelectorProducer@6de43bc1/PRODUCING/p=false/QueuedThreadPool[qtp1983472905]@76396509{STARTED,8<=8<=25,i=2,r=-1,t=59988ms,q=0}[ReservedThreadExecutor@67b61834{reserved=0/2,pending=1}][pc=0,pic=0,pec=0,epc=0]@2026-05-30T23:59:35.8448994+05:30
23:59:35.844 [qtp1983472905-269] DEBUG org.eclipse.jetty.util.thread.QueuedThreadPool -- run ReservedThread@1f4db0a7{PENDING,thread=null} in QueuedThreadPool[qtp1983472905]@76396509{STARTED,8<=8<=25,i=1,r=-1,t=59988ms,q=0}[ReservedThreadExecutor@67b61834{reserved=0/2,pending=1}]
23:59:35.844 [qtp1983472905-264] DEBUG org.eclipse.jetty.util.thread.QueuedThreadPool -- queue NetworkTrafficSocketChannelEndPoint@2289f9f1[{l=/127.0.0.1:60980,r=/127.0.0.1:60981,OPEN,fill=FI,flush=-,to=0/30000}{io=1/0,kio=1,kro=1}]->[HttpConnection@5823c5[p=HttpParser{s=START,0 of -1},g=HttpGenerator@7815941c{s=START}]=>HttpChannelOverHttp@28719281{s=HttpChannelState@6d7309eb{s=IDLE rs=BLOCKING os=OPEN is=IDLE awp=false se=false i=true al=0},r=0,c=false/false,a=IDLE,uri=null,age=0}]:runFillable:BLOCKING startThread=0
23:59:35.844 [qtp1983472905-264] DEBUG org.eclipse.jetty.io.ManagedSelector -- updateable 0
23:59:35.844 [qtp1983472905-269] DEBUG org.eclipse.jetty.util.thread.ReservedThreadExecutor -- ReservedThread@1f4db0a7{PENDING,thread=Thread[#269,qtp1983472905-269,5,main]} was=PENDING next=RESERVED size=0+1 capacity=2
23:59:35.844 [qtp1983472905-264] DEBUG org.eclipse.jetty.io.ManagedSelector -- updates 0
23:59:35.844 [qtp1983472905-269] DEBUG org.eclipse.jetty.util.thread.ReservedThreadExecutor -- ReservedThread@1f4db0a7{RESERVED,thread=Thread[#269,qtp1983472905-269,5,main]} waiting ReservedThreadExecutor@67b61834{reserved=1/2,pending=0}
23:59:35.844 [qtp1983472905-270] DEBUG org.eclipse.jetty.util.thread.QueuedThreadPool -- run NetworkTrafficSocketChannelEndPoint@2289f9f1[{l=/127.0.0.1:60980,r=/127.0.0.1:60981,OPEN,fill=FI,flush=-,to=0/30000}{io=1/0,kio=1,kro=1}]->[HttpConnection@5823c5[p=HttpParser{s=START,0 of -1},g=HttpGenerator@7815941c{s=START}]=>HttpChannelOverHttp@28719281{s=HttpChannelState@6d7309eb{s=IDLE rs=BLOCKING os=OPEN is=IDLE awp=false se=false i=true al=0},r=0,c=false/false,a=IDLE,uri=null,age=0}]:runFillable:BLOCKING in QueuedThreadPool[qtp1983472905]@76396509{STARTED,8<=8<=25,i=1,r=-1,t=59988ms,q=0}[ReservedThreadExecutor@67b61834{reserved=1/2,pending=0}]
[...]
23:59:35.892 [qtp1983472905-269] DEBUG org.eclipse.jetty.http.HttpGenerator -- Matched-Stub-Id: 3b692253-7ed8-4f1c-b1b9-6fe7c3991659


23:59:35.892 [qtp1983472905-269] DEBUG org.eclipse.jetty.http.HttpGenerator -- CHUNKED_CONTENT
23:59:35.892 [qtp1983472905-269] DEBUG org.eclipse.jetty.server.HttpConnection -- generate: FLUSH for SendCallback@64a6831d[PROCESSING][i=HTTP/1.1{s=404,h=1,cl=-1},cb=org.eclipse.jetty.server.HttpChannel$SendCallback@4361ace0] ([p=0,l=113,c=32768,r=113],[p=0,l=21,c=32768,r=21],false)@COMMITTED
23:59:35.892 [qtp1983472905-269] DEBUG org.eclipse.jetty.io.WriteFlusher -- write: WriteFlusher@3a425219{IDLE}->null [DirectByteBuffer@31c14df7[p=0,l=113,c=32768,r=113]={<<<HTTP/1.1 404 Not Found\r\nM...coding: chunked\r\n\r\n15\r\n>>>ethod" : ...\x00\x00\x00\x00\x00\x00\x00},DirectByteBuffer@25e037a[p=0,l=21,c=32768,r=21]={<<<{"error":"not found"}>>>":42,"ava...\x00\x00\x00\x00\x00\x00\x00}]
23:59:35.892 [qtp1983472905-269] DEBUG org.eclipse.jetty.io.WriteFlusher -- update WriteFlusher@3a425219{WRITING}->null:IDLE-->WRITING
23:59:35.892 [qtp1983472905-269] DEBUG org.eclipse.jetty.io.SocketChannelEndPoint -- flushed 113 NetworkTrafficSocketChannelEndPoint@3bbf7a6d[{l=/127.0.0.1:60980,r=/127.0.0.1:60985,OPEN,fill=-,flush=W,to=1/30000}{io=0/0,kio=0,kro=1}]->[HttpConnection@7b3de46f[p=HttpParser{s=END,0 of -1},g=HttpGenerator@16c25572{s=COMMITTED}]=>HttpChannelOverHttp@bb4c95e{s=HttpChannelState@43686a4d{s=HANDLING rs=BLOCKING os=COMMITTED is=IDLE awp=false se=false i=true al=0},r=1,c=false/false,a=HANDLING,uri=http://localhost:60980/api/inventory/DELETED-SKU,age=2}]
23:59:35.892 [qtp1983472905-269] DEBUG org.eclipse.jetty.io.SocketChannelEndPoint -- flushed 21 NetworkTrafficSocketChannelEndPoint@3bbf7a6d[{l=/127.0.0.1:60980,r=/127.0.0.1:60985,OPEN,fill=-,flush=W,to=0/30000}{io=0/0,kio=0,kro=1}]->[HttpConnection@7b3de46f[p=HttpParser{s=END,0 of -1},g=HttpGenerator@16c25572{s=COMMITTED}]=>HttpChannelOverHttp@bb4c95e{s=HttpChannelState@43686a4d{s=HANDLING rs=BLOCKING os=COMMITTED is=IDLE awp=false se=false i=true al=0},r=1,c=false/false,a=HANDLING,uri=http://localhost:60980/api/inventory/DELETED-SKU,age=2}]
23:59:35.892 [qtp1983472905-269] DEBUG org.eclipse.jetty.io.WriteFlusher -- Flushed=true written=134 remaining=0 WriteFlusher@3a425219{WRITING}->null
23:59:35.892 [qtp1983472905-269] DEBUG org.eclipse.jetty.io.WriteFlusher -- update WriteFlusher@3a425219{IDLE}->null:WRITING-->IDLE
23:59:35.892 [qtp1983472905-269] DEBUG org.eclipse.jetty.server.HttpConnection -- generate: DONE for SendCallback@64a6831d[PROCESSING][i=HTTP/1.1{s=404,h=1,cl=-1},cb=org.eclipse.jetty.server.HttpChannel$SendCallback@4361ace0] ([p=113,l=113,c=32768,r=0],[p=21,l=21,c=32768,r=0],false)@COMMITTED
23:59:35.892 [qtp1983472905-269] DEBUG org.eclipse.jetty.server.HttpOutput -- onWriteComplete(false,null) s=OPEN,api=BLOCKED,sc=false,e=null->s=OPEN,api=BLOCKING,sc=false,e=null c=null cb=null w=false
23:59:35.892 [qtp1983472905-269] DEBUG org.eclipse.jetty.server.HttpOutput -- close() s=CLOSING,api=BLOCKED,sc=false,e=null c=HeapByteBuffer@308fbb39[p=0,l=0,c=0,r=0]={<<<>>>} b=Blocker@367c85a3{null}
23:59:35.892 [qtp1983472905-269] DEBUG org.eclipse.jetty.server.HttpChannel -- sendResponse info=null content=HeapByteBuffer@308fbb39[p=0,l=0,c=0,r=0]={<<<>>>} complete=true committing=false callback=Blocker@367c85a3{null}
23:59:35.892 [qtp1983472905-269] DEBUG org.eclipse.jetty.server.HttpConnection -- generate: CONTINUE for SendCallback@64a6831d[PROCESSING][i=null,cb=org.eclipse.jetty.server.HttpChannel$SendCallback@6841996f] (null,[p=0,l=0,c=0,r=0],true)@COMPLETING
23:59:35.892 [qtp1983472905-269] DEBUG org.eclipse.jetty.server.HttpConnection -- generate: NEED_CHUNK for SendCallback@64a6831d[PROCESSING][i=null,cb=org.eclipse.jetty.server.HttpChannel$SendCallback@6841996f] (null,[p=0,l=0,c=0,r=0],true)@COMPLETING
23:59:35.892 [qtp1983472905-269] DEBUG org.eclipse.jetty.server.HttpConnection -- generate: FLUSH for SendCallback@64a6831d[PROCESSING][i=null,cb=org.eclipse.jetty.server.HttpChannel$SendCallback@6841996f] (null,[p=0,l=0,c=0,r=0],true)@COMPLETING
23:59:35.892 [qtp1983472905-269] DEBUG org.eclipse.jetty.io.WriteFlusher -- write: WriteFlusher@3a425219{IDLE}->null [DirectByteBuffer@19540381[p=0,l=7,c=16,r=7]={<<<\r\n0\r\n\r\n>>>\x00\x00\x00\x00\x00\x00\x00\x00\x00}]
23:59:35.892 [qtp1983472905-269] DEBUG org.eclipse.jetty.io.WriteFlusher -- update WriteFlusher@3a425219{WRITING}->null:IDLE-->WRITING
23:59:35.892 [qtp1983472905-269] DEBUG org.eclipse.jetty.io.SocketChannelEndPoint -- flushed 7 NetworkTrafficSocketChannelEndPoint@3bbf7a6d[{l=/127.0.0.1:60980,r=/127.0.0.1:60985,OPEN,fill=-,flush=W,to=0/30000}{io=0/0,kio=0,kro=1}]->[HttpConnection@7b3de46f[p=HttpParser{s=END,0 of -1},g=HttpGenerator@16c25572{s=COMPLETING}]=>HttpChannelOverHttp@bb4c95e{s=HttpChannelState@43686a4d{s=HANDLING rs=BLOCKING os=COMMITTED is=IDLE awp=false se=false i=true al=0},r=1,c=false/false,a=HANDLING,uri=http://localhost:60980/api/inventory/DELETED-SKU,age=2}]
23:59:35.892 [qtp1983472905-269] DEBUG org.eclipse.jetty.io.WriteFlusher -- Flushed=true written=7 remaining=0 WriteFlusher@3a425219{WRITING}->null
23:59:35.892 [qtp1983472905-269] DEBUG org.eclipse.jetty.io.WriteFlusher -- update WriteFlusher@3a425219{IDLE}->null:WRITING-->IDLE
23:59:35.892 [qtp1983472905-269] DEBUG org.eclipse.jetty.server.HttpConnection -- generate: DONE for SendCallback@64a6831d[PROCESSING][i=null,cb=org.eclipse.jetty.server.HttpChannel$SendCallback@6841996f] (null,[p=0,l=0,c=0,r=0],true)@END
23:59:35.892 [qtp1983472905-269] DEBUG org.eclipse.jetty.server.HttpOutput -- onWriteComplete(true,null) s=CLOSING,api=BLOCKED,sc=false,e=null->s=CLOSED,api=BLOCKING,sc=false,e=null c=null cb=null w=false
23:59:35.892 [qtp1983472905-269] DEBUG org.eclipse.jetty.server.Server -- handled=true async=false committed=true on HttpChannelOverHttp@bb4c95e{s=HttpChannelState@43686a4d{s=HANDLING rs=BLOCKING os=COMPLETED is=IDLE awp=false se=false i=true al=0},r=1,c=false/true,a=HANDLING,uri=http://localhost:60980/api/inventory/DELETED-SKU,age=2}
23:59:35.892 [qtp1983472905-269] DEBUG org.eclipse.jetty.server.HttpChannelState -- unhandle HttpChannelState@43686a4d{s=HANDLING rs=BLOCKING os=COMPLETED is=IDLE awp=false se=false i=true al=0}
23:59:35.892 [qtp1983472905-269] DEBUG org.eclipse.jetty.server.HttpChannelState -- nextAction(false) COMPLETE HttpChannelState@43686a4d{s=HANDLING rs=COMPLETING os=COMPLETED is=IDLE awp=false se=false i=false al=0}
23:59:35.892 [qtp1983472905-269] DEBUG org.eclipse.jetty.server.HttpChannel -- action COMPLETE HttpChannelOverHttp@bb4c95e{s=HttpChannelState@43686a4d{s=HANDLING rs=COMPLETING os=COMPLETED is=IDLE awp=false se=false i=false al=0},r=1,c=false/true,a=HANDLING,uri=http://localhost:60980/api/inventory/DELETED-SKU,age=2}
23:59:35.892 [qtp1983472905-269] DEBUG org.eclipse.jetty.server.HttpOutput -- complete(org.eclipse.jetty.util.Callback$3@382f4111) s=CLOSED,api=BLOCKING,sc=false,e=null s=true e=null, c=null
23:59:35.892 [qtp1983472905-269] DEBUG org.eclipse.jetty.server.HttpChannelState -- completed HttpChannelState@43686a4d{s=HANDLING rs=COMPLETING os=COMPLETED is=IDLE awp=false se=false i=false al=0}
23:59:35.892 [qtp1983472905-269] DEBUG org.eclipse.jetty.server.HttpChannelState -- unhandle HttpChannelState@43686a4d{s=HANDLING rs=COMPLETED os=COMPLETED is=IDLE awp=false se=false i=false al=0}
23:59:35.892 [qtp1983472905-269] DEBUG org.eclipse.jetty.server.HttpChannelState -- nextAction(false) TERMINATED HttpChannelState@43686a4d{s=IDLE rs=COMPLETED os=COMPLETED is=IDLE awp=false se=false i=false al=0}
23:59:35.892 [qtp1983472905-269] DEBUG org.eclipse.jetty.server.HttpChannel -- action TERMINATED HttpChannelOverHttp@bb4c95e{s=HttpChannelState@43686a4d{s=IDLE rs=COMPLETED os=COMPLETED is=IDLE awp=false se=false i=false al=0},r=1,c=true/true,a=IDLE,uri=http://localhost:60980/api/inventory/DELETED-SKU,age=2}
23:59:35.892 [qtp1983472905-269] DEBUG org.eclipse.jetty.server.HttpChannel -- onCompleted for /api/inventory/DELETED-SKU written=21
23:59:35.892 [qtp1983472905-269] DEBUG org.eclipse.jetty.server.HttpInput -- consumeAll HttpInput@612420951 cs=HttpChannelState@43686a4d{s=IDLE rs=COMPLETED os=COMPLETED is=IDLE awp=false se=false i=false al=0} cp=org.eclipse.jetty.server.BlockingContentProducer@28696f15 eof=true
23:59:35.892 [qtp1983472905-269] DEBUG org.eclipse.jetty.server.HttpChannelOverHttp -- failing all content with org.eclipse.jetty.util.StaticException: Unconsumed content HttpChannelOverHttp@bb4c95e{s=HttpChannelState@43686a4d{s=IDLE rs=COMPLETED os=COMPLETED is=IDLE awp=false se=false i=false al=0},r=1,c=true/true,a=IDLE,uri=http://localhost:60980/api/inventory/DELETED-SKU,age=2}
23:59:35.892 [qtp1983472905-269] DEBUG org.eclipse.jetty.server.AsyncContentProducer -- failed all content of http channel EOF=true AsyncContentProducer@470149cd[r=ErrorContent [org.eclipse.jetty.util.StaticException: Unconsumed content],t=ErrorContent [org.eclipse.jetty.util.StaticException: Unconsumed content],i=null,error=false,c=HttpChannelOverHttp@bb4c95e{s=HttpChannelState@43686a4d{s=IDLE rs=COMPLETED os=COMPLETED is=IDLE awp=false se=false i=false al=0},r=1,c=true/true,a=IDLE,uri=http://localhost:60980/api/inventory/DELETED-SKU,age=2}]
23:59:35.892 [qtp1983472905-269] DEBUG org.eclipse.jetty.server.HttpInput -- isFinished=true HttpInput@612420951 cs=HttpChannelState@43686a4d{s=IDLE rs=COMPLETED os=COMPLETED is=IDLE awp=false se=false i=false al=0} cp=org.eclipse.jetty.server.BlockingContentProducer@28696f15 eof=true
23:59:35.892 [qtp1983472905-269] DEBUG org.eclipse.jetty.server.AsyncContentProducer -- isError = false AsyncContentProducer@470149cd[r=ErrorContent [org.eclipse.jetty.util.StaticException: Unconsumed content],t=ErrorContent [org.eclipse.jetty.util.StaticException: Unconsumed content],i=null,error=false,c=HttpChannelOverHttp@bb4c95e{s=HttpChannelState@43686a4d{s=IDLE rs=COMPLETED os=COMPLETED is=IDLE awp=false se=false i=false al=0},r=1,c=true/true,a=IDLE,uri=http://localhost:60980/api/inventory/DELETED-SKU,age=2}]
23:59:35.892 [qtp1983472905-269] DEBUG org.eclipse.jetty.server.HttpInput -- isError=false HttpInput@612420951 cs=HttpChannelState@43686a4d{s=IDLE rs=COMPLETED os=COMPLETED is=IDLE awp=false se=false i=false al=0} cp=org.eclipse.jetty.server.BlockingContentProducer@28696f15 eof=true
23:59:35.892 [qtp1983472905-269] DEBUG org.eclipse.jetty.server.HttpChannelState -- recycle HttpChannelState@43686a4d{s=IDLE rs=COMPLETED os=COMPLETED is=IDLE awp=false se=false i=false al=0}
23:59:35.892 [qtp1983472905-269] DEBUG org.eclipse.jetty.server.HttpInput -- recycle HttpInput@612420951 cs=HttpChannelState@43686a4d{s=IDLE rs=BLOCKING os=OPEN is=IDLE awp=false se=false i=true al=0} cp=org.eclipse.jetty.server.BlockingContentProducer@28696f15 eof=true
23:59:35.892 [qtp1983472905-269] DEBUG org.eclipse.jetty.server.BlockingContentProducer -- recycling org.eclipse.jetty.server.BlockingContentProducer@28696f15
23:59:35.892 [qtp1983472905-269] DEBUG org.eclipse.jetty.server.AsyncContentProducer -- recycling AsyncContentProducer@470149cd[r=ErrorContent [org.eclipse.jetty.util.StaticException: Unconsumed content],t=ErrorContent [org.eclipse.jetty.util.StaticException: Unconsumed content],i=null,error=false,c=HttpChannelOverHttp@bb4c95e{s=HttpChannelState@43686a4d{s=IDLE rs=BLOCKING os=OPEN is=IDLE awp=false se=false i=true al=0},r=1,c=false/false,a=IDLE,uri=http://localhost:60980/api/inventory/DELETED-SKU,age=2}]
23:59:35.892 [qtp1983472905-269] DEBUG org.eclipse.jetty.http.HttpParser -- reset HttpParser{s=END,0 of -1}
23:59:35.892 [qtp1983472905-269] DEBUG org.eclipse.jetty.http.HttpParser -- END --> START
23:59:35.892 [qtp1983472905-269] DEBUG org.eclipse.jetty.server.HttpChannel -- !handle TERMINATED HttpChannelOverHttp@bb4c95e{s=HttpChannelState@43686a4d{s=IDLE rs=BLOCKING os=OPEN is=IDLE awp=false se=false i=true al=0},r=1,c=false/false,a=IDLE,uri=null,age=0}
23:59:35.892 [qtp1983472905-269] DEBUG org.eclipse.jetty.io.SocketChannelEndPoint -- filled 0 DirectByteBuffer@6849a93[p=0,l=0,c=8192,r=0]={<<<>>>GET /api/...\x00\x00\x00\x00\x00\x00\x00}
&amp#27;[31m✗ FAILED&amp#27;[0m23:59:35.892 [qtp1983472905-269] DEBUG org.eclipse.jetty.io.SocketChannelEndPoint -- filled 0 DirectByteBuffer@6849a93[p=0,l=0,c=8192,r=0]={<<<>>>GET /api/...\x00\x00\x00\x00\x00\x00\x00}
23:59:35.892 [qtp1983472905-269] DEBUG org.eclipse.jetty.server.HttpConnection -- HttpConnection@7b3de46f::NetworkTrafficSocketChannelEndPoint@3bbf7a6d[{l=/127.0.0.1:60980,r=/127.0.0.1:60985,OPEN,fill=-,flush=-,to=0/30000}{io=0/0,kio=0,kro=1}]->[HttpConnection@7b3de46f[p=HttpParser{s=START,0 of -1},g=HttpGenerator@16c25572{s=START}]=>HttpChannelOverHttp@bb4c95e{s=HttpChannelState@43686a4d{s=IDLE rs=BLOCKING os=OPEN is=IDLE awp=false se=false i=true al=0},r=1,c=false/false,a=IDLE,uri=null,age=0}] filled 0 RetainableByteBuffer@43860427{DirectByteBuffer@6849a93[p=0,l=0,c=8192,r=0]={<<<>>>GET /api/...\x00\x00\x00\x00\x00\x00\x00},r=1}
  4ms
23:59:35.893 [qtp1983472905-269] DEBUG org.eclipse.jetty.server.HttpConnection -- HttpConnection@7b3de46f::NetworkTrafficSocketChannelEndPoint@3bbf7a6d[{l=/127.0.0.1:60980,r=/127.0.0.1:60985,OPEN,fill=-,flush=-,to=0/30000}{io=0/0,kio=0,kro=1}]->[HttpConnection@7b3de46f[p=HttpParser{s=START,0 of -1},g=HttpGenerator@16c25572{s=START}]=>HttpChannelOverHttp@bb4c95e{s=HttpChannelState@43686a4d{s=IDLE rs=BLOCKING os=OPEN is=IDLE awp=false se=false i=true al=0},r=1,c=false/false,a=IDLE,uri=null,age=0}] parse RetainableByteBuffer@43860427{DirectByteBuffer@6849a93[p=0,l=0,c=8192,r=0]={<<<>>>GET /api/...\x00\x00\x00\x00\x00\x00\x00},r=1}
23:59:35.893 [qtp1983472905-269] DEBUG org.eclipse.jetty.http.HttpParser -- parseNext s=START DirectByteBuffer@6849a93[p=0,l=0,c=8192,r=0]={<<<>>>GET /api/...\x00\x00\x00\x00\x00\x00\x00}
    &amp#27;[31m→ Expected HTTP 200 but got 404. Body: {"error":"not found"}&amp#27;[0m
23:59:35.893 [qtp1983472905-269] DEBUG org.eclipse.jetty.server.HttpConnection -- HttpConnection@7b3de46f::NetworkTrafficSocketChannelEndPoint@3bbf7a6d[{l=/127.0.0.1:60980,r=/127.0.0.1:60985,OPEN,fill=-,flush=-,to=0/30000}{io=0/0,kio=0,kro=1}]->[HttpConnection@7b3de46f[p=HttpParser{s=START,0 of -1},g=HttpGenerator@16c25572{s=START}]=>HttpChannelOverHttp@bb4c95e{s=HttpChannelState@43686a4d{s=IDLE rs=BLOCKING os=OPEN is=IDLE awp=false se=false i=true al=0},r=1,c=false/false,a=IDLE,uri=null,age=0}] parsed false HttpParser{s=START,0 of -1}
23:59:35.893 [qtp1983472905-269] DEBUG org.eclipse.jetty.server.HttpConnection -- releaseRequestBuffer HttpConnection@7b3de46f::NetworkTrafficSocketChannelEndPoint@3bbf7a6d[{l=/127.0.0.1:60980,r=/127.0.0.1:60985,OPEN,fill=-,flush=-,to=0/30000}{io=0/0,kio=0,kro=1}]->[HttpConnection@7b3de46f[p=HttpParser{s=START,0 of -1},g=HttpGenerator@16c25572{s=START}]=>HttpChannelOverHttp@bb4c95e{s=HttpChannelState@43686a4d{s=IDLE rs=BLOCKING os=OPEN is=IDLE awp=false se=false i=true al=0},r=1,c=false/false,a=IDLE,uri=null,age=0}]
23:59:35.893 [qtp1983472905-269] DEBUG org.eclipse.jetty.io.AbstractConnection -- fillInterested HttpConnection@7b3de46f::NetworkTrafficSocketChannelEndPoint@3bbf7a6d[{l=/127.0.0.1:60980,r=/127.0.0.1:60985,OPEN,fill=-,flush=-,to=0/30000}{io=0/0,kio=0,kro=1}]->[HttpConnection@7b3de46f[p=HttpParser{s=START,0 of -1},g=HttpGenerator@16c25572{s=START}]=>HttpChannelOverHttp@bb4c95e{s=HttpChannelState@43686a4d{s=IDLE rs=BLOCKING os=OPEN is=IDLE awp=false se=false i=true al=0},r=1,c=false/false,a=IDLE,uri=null,age=0}]
────────────────────────────────────────────────────────────
23:59:35.893 [qtp1983472905-269] DEBUG org.eclipse.jetty.io.FillInterest -- interested FillInterest@16f87fe5{ReadCallback@2f2efc9{HttpConnection@7b3de46f::NetworkTrafficSocketChannelEndPoint@3bbf7a6d[{l=/127.0.0.1:60980,r=/127.0.0.1:60985,OPEN,fill=FI,flush=-,to=0/30000}{io=0/0,kio=0,kro=1}]->[HttpConnection@7b3de46f[p=HttpParser{s=START,0 of -1},g=HttpGenerator@16c25572{s=START}]=>HttpChannelOverHttp@bb4c95e{s=HttpChannelState@43686a4d{s=IDLE rs=BLOCKING os=OPEN is=IDLE awp=false se=false i=true al=0},r=1,c=false/false,a=IDLE,uri=null,age=0}]}}
23:59:35.893 [qtp1983472905-269] DEBUG org.eclipse.jetty.io.SelectableChannelEndPoint -- changeInterests p=false 0->1 for NetworkTrafficSocketChannelEndPoint@3bbf7a6d[{l=/127.0.0.1:60980,r=/127.0.0.1:60985,OPEN,fill=FI,flush=-,to=0/30000}{io=0/1,kio=0,kro=1}]->[HttpConnection@7b3de46f[p=HttpParser{s=START,0 of -1},g=HttpGenerator@16c25572{s=START}]=>HttpChannelOverHttp@bb4c95e{s=HttpChannelState@43686a4d{s=IDLE rs=BLOCKING os=OPEN is=IDLE awp=false se=false i=true al=0},r=1,c=false/false,a=IDLE,uri=null,age=0}]
&amp#27;[1mContract mismatch - wrong status Suite &amp#27;[31mFAILED&amp#27;[0m&amp#27;[0m  |  0 passed, 1 failed  |  total 523:59:35.893 [qtp1983472905-269] DEBUG org.eclipse.jetty.io.ManagedSelector -- Queued change lazy=false org.eclipse.jetty.io.SelectableChannelEndPoint$$Lambda/0x0000025a0131ed40@35fff8dd on ManagedSelector@27a9f025{STARTED} id=1 keys=3 selected=0 updates=0
ms

23:59:35.893 [qtp1983472905-269] DEBUG org.eclipse.jetty.io.ManagedSelector -- Wakeup on submit ManagedSelector@27a9f025{STARTED} id=1 keys=3 selected=0 updates=1
23:59:35.893 [qtp1983472905-269] DEBUG org.eclipse.jetty.server.HttpConnection -- HttpConnection@7b3de46f::NetworkTrafficSocketChannelEndPoint@3bbf7a6d[{l=/127.0.0.1:60980,r=/127.0.0.1:60985,OPEN,fill=FI,flush=-,to=0/30000}{io=0/1,kio=0,kro=1}]->[HttpConnection@7b3de46f[p=HttpParser{s=START,0 of -1},g=HttpGenerator@16c25572{s=START}]=>HttpChannelOverHttp@bb4c95e{s=HttpChannelState@43686a4d{s=IDLE rs=BLOCKING os=OPEN is=IDLE awp=false se=false i=true al=0},r=1,c=false/false,a=IDLE,uri=null,age=0}] onFillable exit HttpChannelState@43686a4d{s=IDLE rs=BLOCKING os=OPEN is=IDLE awp=false se=false i=true al=0} null
23:59:35.893 [qtp1983472905-270] DEBUG org.eclipse.jetty.io.ManagedSelector -- Selector sun.nio.ch.WEPollSelectorImpl@15b5dbd7 woken with none selected
23:59:35.893 [qtp1983472905-269] DEBUG org.eclipse.jetty.util.thread.ReservedThreadExecutor -- ReservedThread@1f4db0a7{RUNNING,thread=Thread[#269,qtp1983472905-269,5,main]} was=RUNNING next=RESERVED size=0+2 capacity=2
23:59:35.893 [qtp1983472905-270] DEBUG org.eclipse.jetty.io.ManagedSelector -- Selector sun.nio.ch.WEPollSelectorImpl@15b5dbd7 woken up from select, 0/0/3 selected
23:59:35.893 [qtp1983472905-269] DEBUG org.eclipse.jetty.util.thread.ReservedThreadExecutor -- ReservedThread@1f4db0a7{RESERVED,thread=Thread[#269,qtp1983472905-269,5,main]} waiting ReservedThreadExecutor@67b61834{reserved=2/2,pending=0}
23:59:35.893 [qtp1983472905-270] DEBUG org.eclipse.jetty.io.ManagedSelector -- Selector sun.nio.ch.WEPollSelectorImpl@15b5dbd7 processing 0 keys, 1 updates
23:59:35.893 [qtp1983472905-270] DEBUG org.eclipse.jetty.io.ManagedSelector -- updateable 1
23:59:35.893 [qtp1983472905-270] DEBUG org.eclipse.jetty.io.ManagedSelector -- update org.eclipse.jetty.io.SelectableChannelEndPoint$$Lambda/0x0000025a0131ed40@35fff8dd

Violation detail: Expected HTTP 200 but got 404. Body: {"error":"not found"}
23:59:35.893 [qtp1983472905-270] DEBUG org.eclipse.jetty.io.SelectableChannelEndPoint -- Key interests updated 0 -> 1 on NetworkTrafficSocketChannelEndPoint@3bbf7a6d[{l=/127.0.0.1:60980,r=/127.0.0.1:60985,OPEN,fill=FI,flush=-,to=0/30000}{io=1/1,kio=1,kro=1}]->[HttpConnection@7b3de46f[p=HttpParser{s=START,0 of -1},g=HttpGenerator@16c25572{s=START}]=>HttpChannelOverHttp@bb4c95e{s=HttpChannelState@43686a4d{s=IDLE rs=BLOCKING os=OPEN is=IDLE awp=false se=false i=true al=0},r=1,c=false/false,a=IDLE,uri=null,age=0}]
23:59:35.893 [qtp1983472905-270] DEBUG org.eclipse.jetty.io.ManagedSelector -- updates 0
23:59:35.893 [qtp1983472905-270] DEBUG org.eclipse.jetty.io.ManagedSelector -- Selector sun.nio.ch.WEPollSelectorImpl@15b5dbd7 waiting with 3 keys
]]></system-out>
  </testcase>
</testsuite>