<?xml version="1.0" encoding="UTF-8"?>
<testsuite xmlns:xsi="http://www.w3.org/2001/XMLSchema-instance" xsi:noNamespaceSchemaLocation="https://maven.apache.org/surefire/maven-surefire-plugin/xsd/surefire-test-report-3.0.xsd" version="3.0" name="io.testkit.workshop.Ex01_CoreContextAndCustomStep" time="0.13" tests="5" errors="0" skipped="0" failures="0">
  <properties>
[...]
</properties>
  <testcase name="failFastFalseRunsAllSteps" classname="io.testkit.workshop.Ex01_CoreContextAndCustomStep" time="0.087">
    <system-out><![CDATA[
&amp#27;[1m&amp#27;[36m▶ TestKit — Continue on failure&amp#27;[0m
────────────────────────────────────────────────────────────
  Always fail                                   &amp#27;[31m✗ FAILED&amp#27;[0m  0ms
    &amp#27;[31m→ This step always fails — intentional for demo purposes&amp#27;[0m
  Generate order ID                             &amp#27;[32m✓ PASSED&amp#27;[0m  2ms
────────────────────────────────────────────────────────────
&amp#27;[1mContinue on failure Suite &amp#27;[31mFAILED&amp#27;[0m&amp#27;[0m  |  1 passed, 1 failed  |  total 7ms

]]></system-out>
  </testcase>
  <testcase name="failFastSkipsRemainingSteps" classname="io.testkit.workshop.Ex01_CoreContextAndCustomStep" time="0.01">
    <system-out><![CDATA[
&amp#27;[1m&amp#27;[36m▶ TestKit — Fail-fast demo&amp#27;[0m
────────────────────────────────────────────────────────────
  Always fail                                   &amp#27;[31m✗ FAILED&amp#27;[0m  0ms
    &amp#27;[31m→ This step always fails — intentional for demo purposes&amp#27;[0m
23:59:10.268 [main] WARN io.testkit.core.TestKitRunner -- Step 'Always fail' failed — aborting suite (failFast=true)
&amp#27;[33m- SKIPPED&amp#27;[0m  0ms
────────────────────────────────────────────────────────────
&amp#27;[1mFail-fast demo Suite &amp#27;[31mFAILED&amp#27;[0m&amp#27;[0m  |  0 passed, 1 failed  |  total 7ms

]]></system-out>
  </testcase>
  <testcase name="lateBindingResolve" classname="io.testkit.workshop.Ex01_CoreContextAndCustomStep" time="0.002"/>
  <testcase name="contextFlowsBetweenSteps" classname="io.testkit.workshop.Ex01_CoreContextAndCustomStep" time="0.008">
    <system-out><![CDATA[
&amp#27;[1m&amp#27;[36m▶ TestKit — Context propagation&amp#27;[0m
────────────────────────────────────────────────────────────
  Generate order ID                             &amp#27;[32m✓ PASSED&amp#27;[0m  0ms
  Validate order ID                             &amp#27;[32m✓ PASSED&amp#27;[0m  0ms
────────────────────────────────────────────────────────────
&amp#27;[1mContext propagation Suite &amp#27;[32mPASSED&amp#27;[0m&amp#27;[0m  |  2 passed, 0 failed  |  total 4ms


--- Step results ---
  Generate order ID              [PASSED] orderId and userId stored in context
  Validate order ID              [PASSED] orderId=ORD-1780165750279 userId=42
]]></system-out>
  </testcase>
  <testcase name="contextFindVsGet" classname="io.testkit.workshop.Ex01_CoreContextAndCustomStep" time="0.003"/>
</testsuite>