<?xml version="1.0" encoding="UTF-8"?>
<testsuite xmlns:xsi="http://www.w3.org/2001/XMLSchema-instance" xsi:noNamespaceSchemaLocation="https://maven.apache.org/surefire/maven-surefire-plugin/xsd/surefire-test-report-3.0.xsd" version="3.0" name="io.testkit.ExampleTest" time="0.108" tests="1" errors="0" skipped="0" failures="0">
  <properties>
[...]
</properties>
  <testcase name="coreContextAndStepRunnerWork" classname="io.testkit.ExampleTest" time="0.088">
    <system-out><![CDATA[
&amp#27;[1m&amp#27;[36m▶ TestKit — Core Engine Smoke Test&amp#27;[0m
────────────────────────────────────────────────────────────
  Context round-trip                            &amp#27;[32m✓ PASSED&amp#27;[0m  0ms
────────────────────────────────────────────────────────────
&amp#27;[1mCore Engine Smoke Test Suite &amp#27;[32mPASSED&amp#27;[0m&amp#27;[0m  |  1 passed, 0 failed  |  total 5ms

]]></system-out>
  </testcase>
</testsuite>